[START LOG] 
2024-02-01 09:51:22,321 [INFO ] (5) - Decompress Zip finished
2024-02-01 09:51:22,756 [INFO ] (5) - Checking package started: 'C:\ProgramData\Aras/ArasUpdate\PM\14.0.1.169\package.config'
2024-02-01 09:51:22,813 [INFO ] (5) - Checking package finished
2024-02-01 09:51:22,814 [INFO ] (5) - Downloading of package finished
2024-02-01 09:51:22,834 [INFO ] (5) - Checking package started: 'C:\ProgramData\Aras\ArasUpdate\PM\14.0.1.169\package.config'
2024-02-01 09:51:22,847 [INFO ] (5) - Checking package finished
2024-02-01 09:51:22,851 [INFO ] (5) - Operation 'Download' succeeded
[START LOG] 
[END LOG] 
[START LOG] 
[END LOG] 
[START LOG] 
2024-02-01 11:20:44,430 [ERROR] (1) - System.ArgumentOutOfRangeException: Length cannot be less than zero.
Parameter name: length
   at System.String.Substring(Int32 startIndex, Int32 length)
   at Aras.Tools.ArasUpdateCmd.Models.InputModel.ParsingInputString(String[] args)
   at Aras.Tools.ArasUpdateCmd.Models.InputModel..ctor(String[] args)
   at Aras.Tools.ArasUpdateCmd.Program.Main(String[] args)
[START LOG] 
2024-02-01 11:21:37,715 [INFO ] (1) - Decompress Zip finished
2024-02-01 11:21:37,950 [INFO ] (1) - Checking package started: 'C:\ProgramData\Aras/ArasUpdate\PM\14.0.1.169\package.config'
2024-02-01 11:21:38,106 [INFO ] (1) - Checking package finished
2024-02-01 11:21:38,106 [INFO ] (1) - Downloading of package finished
2024-02-01 11:21:38,138 [INFO ] (1) - Checking package started: 'C:\ProgramData\Aras\ArasUpdate\PM\14.0.1.169\package.config'
2024-02-01 11:21:38,153 [INFO ] (1) - Checking package finished
2024-02-01 11:21:38,184 [INFO ] (1) - Checking package started: 'C:\ProgramData\Aras\ArasUpdate\PM\14.0.1.169\package.config'
2024-02-01 11:21:38,200 [INFO ] (1) - Checking package finished
2024-02-01 11:21:38,215 [ERROR] (1) - Value cannot be null. Parameter: 'Innovator.Dir'.
Value cannot be null. Parameter: 'Innovator.URL'.
Value cannot be null. Parameter: 'Innovator.DB'.
Value cannot be null. Parameter: 'Innovator.Username'.
Value cannot be null. Parameter: 'Innovator.Password'.

2024-02-01 11:21:38,247 [ERROR] (1) - Value cannot be null. Parameter: 'Innovator.Dir'.
Value cannot be null. Parameter: 'Innovator.URL'.
Value cannot be null. Parameter: 'Innovator.DB'.
Value cannot be null. Parameter: 'Innovator.Username'.
Value cannot be null. Parameter: 'Innovator.Password'.

The package contains language packs that require Innovator.URL, Innovator.DB, Innovator.Username, Innovator.Password properties
[END LOG] 
[START LOG] 
2024-02-01 11:22:51,906 [ERROR] (1) - System.ArgumentOutOfRangeException: Length cannot be less than zero.
Parameter name: length
   at System.String.Substring(Int32 startIndex, Int32 length)
   at Aras.Tools.ArasUpdateCmd.Models.InputModel.ParsingInputString(String[] args)
   at Aras.Tools.ArasUpdateCmd.Models.InputModel..ctor(String[] args)
   at Aras.Tools.ArasUpdateCmd.Program.Main(String[] args)
[START LOG] 
2024-02-01 11:23:10,100 [ERROR] (1) - System.ArgumentOutOfRangeException: Length cannot be less than zero.
Parameter name: length
   at System.String.Substring(Int32 startIndex, Int32 length)
   at Aras.Tools.ArasUpdateCmd.Models.InputModel.ParsingInputString(String[] args)
   at Aras.Tools.ArasUpdateCmd.Models.InputModel..ctor(String[] args)
   at Aras.Tools.ArasUpdateCmd.Program.Main(String[] args)
[START LOG] 
2024-02-01 11:25:01,793 [INFO ] (1) - Checking package started: 'C:\ProgramData\Aras\ArasUpdate\PM\14.0.1.169\package.config'
2024-02-01 11:25:01,997 [INFO ] (1) - Checking package finished
[END LOG] 
[START LOG] 
2024-02-01 11:25:32,353 [ERROR] (1) - System.ArgumentOutOfRangeException: Length cannot be less than zero.
Parameter name: length
   at System.String.Substring(Int32 startIndex, Int32 length)
   at Aras.Tools.ArasUpdateCmd.Models.InputModel.ParsingInputString(String[] args)
   at Aras.Tools.ArasUpdateCmd.Models.InputModel..ctor(String[] args)
   at Aras.Tools.ArasUpdateCmd.Program.Main(String[] args)
[START LOG] 
2024-02-01 11:25:57,665 [ERROR] (1) - System.ArgumentOutOfRangeException: Length cannot be less than zero.
Parameter name: length
   at System.String.Substring(Int32 startIndex, Int32 length)
   at Aras.Tools.ArasUpdateCmd.Models.InputModel.ParsingInputString(String[] args)
   at Aras.Tools.ArasUpdateCmd.Models.InputModel..ctor(String[] args)
   at Aras.Tools.ArasUpdateCmd.Program.Main(String[] args)
[START LOG] 
2024-02-01 11:26:26,958 [INFO ] (1) - Checking package started: 'C:\ProgramData\Aras\ArasUpdate\PM\14.0.1.169\package.config'
2024-02-01 11:26:27,161 [INFO ] (1) - Checking package finished
[END LOG] 
[START LOG] 
2024-02-01 11:28:20,079 [ERROR] (1) - System.ArgumentOutOfRangeException: Length cannot be less than zero.
Parameter name: length
   at System.String.Substring(Int32 startIndex, Int32 length)
   at Aras.Tools.ArasUpdateCmd.Models.InputModel.ParsingInputString(String[] args)
   at Aras.Tools.ArasUpdateCmd.Models.InputModel..ctor(String[] args)
   at Aras.Tools.ArasUpdateCmd.Program.Main(String[] args)
[START LOG] 
2024-02-01 11:28:47,060 [ERROR] (1) - System.ArgumentOutOfRangeException: Length cannot be less than zero.
Parameter name: length
   at System.String.Substring(Int32 startIndex, Int32 length)
   at Aras.Tools.ArasUpdateCmd.Models.InputModel.ParsingInputString(String[] args)
   at Aras.Tools.ArasUpdateCmd.Models.InputModel..ctor(String[] args)
   at Aras.Tools.ArasUpdateCmd.Program.Main(String[] args)
[START LOG] 
[END LOG] 
[START LOG] 
2024-02-01 11:31:55,544 [ERROR] (1) - System.ArgumentOutOfRangeException: Length cannot be less than zero.
Parameter name: length
   at System.String.Substring(Int32 startIndex, Int32 length)
   at Aras.Tools.ArasUpdateCmd.Models.InputModel.ParsingInputString(String[] args)
   at Aras.Tools.ArasUpdateCmd.Models.InputModel..ctor(String[] args)
   at Aras.Tools.ArasUpdateCmd.Program.Main(String[] args)
[START LOG] 
2024-02-01 11:32:12,767 [INFO ] (1) - Checking package started: 'C:\ProgramData\Aras\ArasUpdate\PM\14.0.1.169\package.config'
2024-02-01 11:32:13,080 [INFO ] (1) - Checking package finished
[END LOG] 
[START LOG] 
[END LOG] 
[START LOG] 
[END LOG] 
[START LOG] 
[END LOG] 
[START LOG] 
2024-02-01 11:51:27,606 [INFO ] (1) - Checking package started: 'C:\ProgramData\Aras\ArasUpdate\PM\14.0.1.169\package.config'
2024-02-01 11:51:27,825 [INFO ] (1) - Checking package finished
2024-02-01 11:51:27,856 [INFO ] (1) - Checking package started: 'C:\ProgramData\Aras\ArasUpdate\PM\14.0.1.169\package.config'
2024-02-01 11:51:27,871 [INFO ] (1) - Checking package finished
2024-02-01 11:51:27,887 [ERROR] (1) - Value cannot be null. Parameter: 'Innovator.Dir'.
Value cannot be null. Parameter: 'Innovator.URL'.
Value cannot be null. Parameter: 'Innovator.DB'.
Value cannot be null. Parameter: 'Innovator.Username'.
Value cannot be null. Parameter: 'Innovator.Password'.

2024-02-01 11:51:27,903 [ERROR] (1) - Value cannot be null. Parameter: 'Innovator.Dir'.
Value cannot be null. Parameter: 'Innovator.URL'.
Value cannot be null. Parameter: 'Innovator.DB'.
Value cannot be null. Parameter: 'Innovator.Username'.
Value cannot be null. Parameter: 'Innovator.Password'.

The package contains language packs that require Innovator.URL, Innovator.DB, Innovator.Username, Innovator.Password properties
[END LOG] 
[START LOG] 
2024-02-01 11:51:37,586 [ERROR] (1) - System.ArgumentOutOfRangeException: Length cannot be less than zero.
Parameter name: length
   at System.String.Substring(Int32 startIndex, Int32 length)
   at Aras.Tools.ArasUpdateCmd.Models.InputModel.ParsingInputString(String[] args)
   at Aras.Tools.ArasUpdateCmd.Models.InputModel..ctor(String[] args)
   at Aras.Tools.ArasUpdateCmd.Program.Main(String[] args)
[START LOG] 
[END LOG] 
[START LOG] 
[END LOG] 
[START LOG] 
[END LOG] 
[START LOG] 
[END LOG] 
[START LOG] 
[END LOG] 
[START LOG] 
[END LOG] 
[START LOG] 
2024-02-01 13:02:35,492 [INFO ] (1) - Checking package started: 'C:\ProgramData\Aras\ArasUpdate\PM\14.0.1.169\package.config'
2024-02-01 13:02:35,742 [INFO ] (1) - Checking package finished
2024-02-01 13:02:35,758 [INFO ] (1) - Checking package started: 'C:\ProgramData\Aras\ArasUpdate\PM\14.0.1.169\package.config'
2024-02-01 13:02:35,773 [INFO ] (1) - Checking package finished
2024-02-01 13:02:35,789 [ERROR] (1) - Value cannot be null. Parameter: 'Innovator.URL'.
Value cannot be null. Parameter: 'Innovator.DB'.
Value cannot be null. Parameter: 'Innovator.Username'.
Value cannot be null. Parameter: 'Innovator.Password'.

2024-02-01 13:02:35,820 [ERROR] (1) - Value cannot be null. Parameter: 'Innovator.URL'.
Value cannot be null. Parameter: 'Innovator.DB'.
Value cannot be null. Parameter: 'Innovator.Username'.
Value cannot be null. Parameter: 'Innovator.Password'.

The package contains language packs that require Innovator.URL, Innovator.DB, Innovator.Username, Innovator.Password properties
[END LOG] 
[START LOG] 
2024-02-01 13:10:56,605 [INFO ] (1) - Checking package started: 'C:\ProgramData\Aras\ArasUpdate\PM\14.0.1.169\package.config'
2024-02-01 13:10:56,808 [INFO ] (1) - Checking package finished
2024-02-01 13:10:56,824 [INFO ] (1) - Checking package started: 'C:\ProgramData\Aras\ArasUpdate\PM\14.0.1.169\package.config'
2024-02-01 13:10:56,839 [INFO ] (1) - Checking package finished
2024-02-01 13:11:04,032 [INFO ] (1) - Installation of the package started : 'PM' from 'C:\ProgramData\Aras\ArasUpdate\PM\14.0.1.169' directory
2024-02-01 13:11:04,032 [INFO ] (1) - CompatibilityPackage started
2024-02-01 13:11:05,798 [INFO ] (1) - Checking module 'IS' compatibility.
2024-02-01 13:11:05,907 [INFO ] (1) - LoadFile started
2024-02-01 13:11:05,948 [INFO ] (1) - Loading File : 'C:\Innovator\Innovator\Client\scripts\include\rev.inc'. 
2024-02-01 13:11:05,954 [INFO ] (1) - LoadFile finished
2024-02-01 13:11:06,032 [INFO ] (1) - XmlPeek started
2024-02-01 13:11:06,032 [INFO ] (1) - File path is 'C:\ProgramData\Aras\ArasUpdate\PM\14.0.1.169\compatibility.config'.
2024-02-01 13:11:06,032 [INFO ] (1) - Found '1' node with the XPath expression '//version_set[@name='CompatibleReleases']/innovator[@version='14.0.9']/@version'.
2024-02-01 13:11:06,048 [INFO ] (1) - XmlPeek finished
2024-02-01 13:11:06,157 [INFO ] (1) - [echo] RevInc.Label = 14.0.9
2024-02-01 13:11:06,157 [INFO ] (1) - Custom started
2024-02-01 13:11:06,157 [INFO ] (1) - Custom check the property : 'Version.Check'. The value : 'true'.
2024-02-01 13:11:06,173 [INFO ] (1) - Custom finished
2024-02-01 13:11:06,173 [INFO ] (1) - CompatibilityPackage finished
2024-02-01 13:11:06,188 [INFO ] (1) - XmlPeek started
2024-02-01 13:11:06,188 [INFO ] (1) - File path is 'C:\Innovator\Innovator\Client\web.config'.
2024-02-01 13:11:06,204 [INFO ] (1) - No matching nodes found for XPath expression '/configuration/cachingModule/@filesRevision'.
2024-02-01 13:11:06,204 [INFO ] (1) - XmlPeek finished
2024-02-01 13:11:06,313 [INFO ] (1) - BackUpChangedCodeTreeToGit started
2024-02-01 13:11:06,766 [INFO ] (1) - BackUpChangedCodeTreeToGit finished
2024-02-01 13:11:06,882 [INFO ] (1) - Installation module (IS) started
2024-02-01 13:11:06,882 [INFO ] (1) - CopyingFile started
2024-02-01 13:11:07,054 [INFO ] (1) - Copying 101 Files to 'C:\Innovator\Innovator\'.
2024-02-01 13:11:07,054 [INFO ] (1) - CopyingFile finished
2024-02-01 13:11:07,070 [INFO ] (1) - XmlPeek started
2024-02-01 13:11:07,070 [INFO ] (1) - File path is 'C:\Innovator\Innovator\Client\web.config'.
2024-02-01 13:11:07,070 [INFO ] (1) - No matching nodes found for XPath expression '/configuration/cachingModule/@filesRevision'.
2024-02-01 13:11:07,070 [INFO ] (1) - XmlPeek finished
2024-02-01 13:11:07,085 [INFO ] (1) - XmlPoke started
2024-02-01 13:11:07,101 [INFO ] (1) - File path is 'C:\Innovator\Innovator\Client\web.config'.
2024-02-01 13:11:07,101 [INFO ] (1) - No matching nodes found for XPath expression '/configuration/cachingModule/@filesRevision'.
2024-02-01 13:11:07,116 [INFO ] (1) - XmlPoke finished
2024-02-01 13:11:07,116 [INFO ] (1) - Validations started
2024-02-01 13:11:07,116 [INFO ] (1) - There is nothing to validate
2024-02-01 13:11:07,132 [INFO ] (1) - Validations finished
2024-02-01 13:11:07,132 [INFO ] (1) - Installation module (IS) finished
2024-02-01 13:11:07,148 [INFO ] (1) - Sending report to the service started
2024-02-01 13:11:07,226 [ERROR] (1) - EXCEPTION STACK TRACE START:    at Aras.Tools.ArasUpdateCore.Implementations.InnovatorWrapper.CreateAndPerformAndDeleteInnovatorMethod(InnovatorMethodItem innovatorMethodItem)
   at Aras.Tools.ArasUpdateCore.Implementations.LoadDataFromInnovator.GetInnovatorFrameworkKey() EXCEPTION STACK TRACE END
2024-02-01 13:11:07,241 [ERROR] (1) - System.ArgumentException: Specified value has invalid Control characters.
Parameter name: value
2024-02-01 13:11:07,241 [WARN ] (1) - Innovator Framework_Key was not found
2024-02-01 13:11:07,257 [INFO ] (1) - Installation of the package finished
[END LOG] 
[START LOG] 
2024-02-01 13:14:25,395 [INFO ] (1) - Checking package started: 'C:\ProgramData\Aras\ArasUpdate\PM\14.0.1.169\package.config'
2024-02-01 13:14:25,645 [INFO ] (1) - Checking package finished
2024-02-01 13:14:25,660 [INFO ] (1) - Checking package started: 'C:\ProgramData\Aras\ArasUpdate\PM\14.0.1.169\package.config'
2024-02-01 13:14:25,676 [INFO ] (1) - Checking package finished
2024-02-01 13:14:26,004 [INFO ] (1) - Installation of the package started : 'PM' from 'C:\ProgramData\Aras\ArasUpdate\PM\14.0.1.169' directory
2024-02-01 13:14:26,020 [INFO ] (1) - CompatibilityPackage started
2024-02-01 13:14:26,348 [INFO ] (1) - Checking module 'IS' compatibility.
2024-02-01 13:14:26,442 [INFO ] (1) - LoadFile started
2024-02-01 13:14:26,457 [INFO ] (1) - Loading File : 'C:\Innovator\Innovator\Client\scripts\include\rev.inc'. 
2024-02-01 13:14:26,457 [INFO ] (1) - LoadFile finished
2024-02-01 13:14:26,551 [INFO ] (1) - XmlPeek started
2024-02-01 13:14:26,551 [INFO ] (1) - File path is 'C:\ProgramData\Aras\ArasUpdate\PM\14.0.1.169\compatibility.config'.
2024-02-01 13:14:26,567 [INFO ] (1) - Found '1' node with the XPath expression '//version_set[@name='CompatibleReleases']/******[@version='14.0.9']/@version'.
2024-02-01 13:14:26,567 [INFO ] (1) - XmlPeek finished
2024-02-01 13:14:26,660 [INFO ] (1) - [echo] RevInc.Label = 14.0.9
2024-02-01 13:14:26,676 [INFO ] (1) - Custom started
2024-02-01 13:14:26,676 [INFO ] (1) - Custom check the property : 'Version.Check'. The value : 'true'.
2024-02-01 13:14:26,676 [INFO ] (1) - Custom finished
2024-02-01 13:14:26,676 [INFO ] (1) - CompatibilityPackage finished
2024-02-01 13:14:26,692 [INFO ] (1) - XmlPeek started
2024-02-01 13:14:26,692 [INFO ] (1) - File path is 'C:\Innovator\Innovator\Client\web.config'.
2024-02-01 13:14:26,707 [INFO ] (1) - No matching nodes found for XPath expression '/configuration/cachingModule/@filesRevision'.
2024-02-01 13:14:26,707 [INFO ] (1) - XmlPeek finished
2024-02-01 13:14:26,770 [INFO ] (1) - BackUpChangedCodeTreeToGit started
2024-02-01 13:14:30,333 [INFO ] (1) - BackUpChangedCodeTreeToGit finished
2024-02-01 13:14:30,427 [INFO ] (1) - Installation module (IS) started
2024-02-01 13:14:30,442 [INFO ] (1) - CopyingFile started
2024-02-01 13:14:30,536 [INFO ] (1) - Copying 101 Files to 'C:\Innovator\Innovator\'.
2024-02-01 13:14:30,536 [INFO ] (1) - CopyingFile finished
2024-02-01 13:14:30,552 [INFO ] (1) - XmlPeek started
2024-02-01 13:14:30,552 [INFO ] (1) - File path is 'C:\Innovator\Innovator\Client\web.config'.
2024-02-01 13:14:30,552 [INFO ] (1) - No matching nodes found for XPath expression '/configuration/cachingModule/@filesRevision'.
2024-02-01 13:14:30,567 [INFO ] (1) - XmlPeek finished
2024-02-01 13:14:30,583 [INFO ] (1) - XmlPoke started
2024-02-01 13:14:30,583 [INFO ] (1) - File path is 'C:\Innovator\Innovator\Client\web.config'.
2024-02-01 13:14:30,599 [INFO ] (1) - No matching nodes found for XPath expression '/configuration/cachingModule/@filesRevision'.
2024-02-01 13:14:30,614 [INFO ] (1) - XmlPoke finished
2024-02-01 13:14:30,614 [INFO ] (1) - Validations started
2024-02-01 13:14:30,630 [INFO ] (1) - There is nothing to validate
2024-02-01 13:14:30,630 [INFO ] (1) - Validations finished
2024-02-01 13:14:30,646 [INFO ] (1) - Installation module (IS) finished
2024-02-01 13:14:30,749 [INFO ] (1) - Sending report to the service started
2024-02-01 13:14:30,796 [ERROR] (1) - EXCEPTION STACK TRACE START:    at Aras.Tools.ArasUpdateCore.Implementations.InnovatorWrapper.CreateAndPerformAndDeleteInnovatorMethod(InnovatorMethodItem ******MethodItem)
   at Aras.Tools.ArasUpdateCore.Implementations.LoadDataFromInnovator.GetInnovatorFrameworkKey() EXCEPTION STACK TRACE END
2024-02-01 13:14:30,796 [ERROR] (1) - System.ArgumentException: Specified value has invalid Control characters.
Parameter name: value
2024-02-01 13:14:30,796 [WARN ] (1) - Innovator Framework_Key was not found
2024-02-01 13:14:30,796 [INFO ] (1) - Installation of the package finished
[END LOG] 
[START LOG] 
2024-02-01 13:15:37,721 [INFO ] (1) - Checking package started: 'C:\ProgramData\Aras\ArasUpdate\PM\14.0.1.169\package.config'
2024-02-01 13:15:38,034 [INFO ] (1) - Checking package finished
2024-02-01 13:15:38,081 [INFO ] (1) - Checking package started: 'C:\ProgramData\Aras\ArasUpdate\PM\14.0.1.169\package.config'
2024-02-01 13:15:38,097 [INFO ] (1) - Checking package finished
2024-02-01 13:15:38,414 [ERROR] (1) - EXCEPTION STACK TRACE START:    at Aras.Tools.ArasUpdateCore.Implementations.InnovatorConnection.get_Innovator()
   at Aras.Tools.ArasUpdateCore.Implementations.InnovatorWrapper.GetInstalledLanguages()
   at Aras.Tools.ArasUpdateCore.Helpers.ArasUpdateParameters.CheckingLanguagePacks(InputParameters inputParameters)
   at Aras.Tools.ArasUpdateCore.Helpers.ArasUpdateParameters.LoadingInitialData(InputParameters inputParameters) EXCEPTION STACK TRACE END
2024-02-01 13:15:38,414 [ERROR] (1) - System.ArgumentException: Specified value has invalid Control characters.
Parameter name: value
2024-02-01 13:15:38,414 [ERROR] (1) - System.ArgumentException: Specified value has invalid Control characters.
Parameter name: value
[END LOG] 
[START LOG] 
2024-02-01 13:16:21,765 [INFO ] (1) - Checking package started: 'C:\ProgramData\Aras\ArasUpdate\PM\14.0.1.169\package.config'
2024-02-01 13:16:21,984 [INFO ] (1) - Checking package finished
2024-02-01 13:16:22,015 [INFO ] (1) - Checking package started: 'C:\ProgramData\Aras\ArasUpdate\PM\14.0.1.169\package.config'
2024-02-01 13:16:22,031 [INFO ] (1) - Checking package finished
2024-02-01 13:16:22,343 [ERROR] (1) - EXCEPTION STACK TRACE START:    at Aras.Tools.ArasUpdateCore.Implementations.InnovatorConnection.get_Innovator()
   at Aras.Tools.ArasUpdateCore.Implementations.InnovatorWrapper.GetInstalledLanguages()
   at Aras.Tools.ArasUpdateCore.Helpers.ArasUpdateParameters.CheckingLanguagePacks(InputParameters inputParameters)
   at Aras.Tools.ArasUpdateCore.Helpers.ArasUpdateParameters.LoadingInitialData(InputParameters inputParameters) EXCEPTION STACK TRACE END
2024-02-01 13:16:22,359 [ERROR] (1) - System.ArgumentException: Specified value has invalid Control characters.
Parameter name: value
2024-02-01 13:16:22,359 [ERROR] (1) - System.ArgumentException: Specified value has invalid Control characters.
Parameter name: value
[END LOG] 
[START LOG] 
2024-02-01 13:20:47,960 [INFO ] (1) - Checking package started: 'C:\ProgramData\Aras\ArasUpdate\PM\14.0.1.169\package.config'
2024-02-01 13:20:48,226 [INFO ] (1) - Checking package finished
2024-02-01 13:20:48,272 [INFO ] (1) - Checking package started: 'C:\ProgramData\Aras\ArasUpdate\PM\14.0.1.169\package.config'
2024-02-01 13:20:48,288 [INFO ] (1) - Checking package finished
2024-02-01 13:20:48,351 [INFO ] (1) - Installation of the package started : 'PM' from 'C:\ProgramData\Aras\ArasUpdate\PM\14.0.1.169' directory
2024-02-01 13:20:48,366 [INFO ] (1) - CompatibilityPackage started
2024-02-01 13:20:48,726 [INFO ] (1) - Checking module 'IS' compatibility.
2024-02-01 13:20:48,819 [INFO ] (1) - LoadFile started
2024-02-01 13:20:48,835 [INFO ] (1) - Loading File : 'C:\Innovator\Innovator\Client\scripts\include\rev.inc'. 
2024-02-01 13:20:48,835 [INFO ] (1) - LoadFile finished
2024-02-01 13:20:48,916 [INFO ] (1) - XmlPeek started
2024-02-01 13:20:48,916 [INFO ] (1) - File path is 'C:\ProgramData\Aras\ArasUpdate\PM\14.0.1.169\compatibility.config'.
2024-02-01 13:20:48,932 [INFO ] (1) - Found '1' node with the XPath expression '//version_set[@name='CompatibleReleases']/innovator[@version='14.0.9']/@version'.
2024-02-01 13:20:48,932 [INFO ] (1) - XmlPeek finished
2024-02-01 13:20:49,010 [INFO ] (1) - [echo] RevInc.Label = 14.0.9
2024-02-01 13:20:49,026 [INFO ] (1) - Custom started
2024-02-01 13:20:49,026 [INFO ] (1) - Custom check the property : 'Version.Check'. The value : 'true'.
2024-02-01 13:20:49,041 [INFO ] (1) - Custom finished
2024-02-01 13:20:49,041 [INFO ] (1) - CompatibilityPackage finished
2024-02-01 13:20:49,057 [INFO ] (1) - XmlPeek started
2024-02-01 13:20:49,073 [INFO ] (1) - File path is 'C:\Innovator\Innovator\Client\web.config'.
2024-02-01 13:20:49,073 [INFO ] (1) - No matching nodes found for XPath expression '/configuration/cachingModule/@filesRevision'.
2024-02-01 13:20:49,088 [INFO ] (1) - XmlPeek finished
2024-02-01 13:20:49,151 [INFO ] (1) - BackUpChangedCodeTreeToGit started
2024-02-01 13:20:52,045 [INFO ] (1) - BackUpChangedCodeTreeToGit finished
2024-02-01 13:20:52,076 [INFO ] (1) - Installation module (IS) started
2024-02-01 13:20:52,092 [INFO ] (1) - CopyingFile started
2024-02-01 13:20:52,170 [INFO ] (1) - Copying 101 Files to 'C:\Innovator\Innovator\'.
2024-02-01 13:20:52,186 [INFO ] (1) - CopyingFile finished
2024-02-01 13:20:52,186 [INFO ] (1) - XmlPeek started
2024-02-01 13:20:52,201 [INFO ] (1) - File path is 'C:\Innovator\Innovator\Client\web.config'.
2024-02-01 13:20:52,201 [INFO ] (1) - No matching nodes found for XPath expression '/configuration/cachingModule/@filesRevision'.
2024-02-01 13:20:52,201 [INFO ] (1) - XmlPeek finished
2024-02-01 13:20:52,217 [INFO ] (1) - XmlPoke started
2024-02-01 13:20:52,233 [INFO ] (1) - File path is 'C:\Innovator\Innovator\Client\web.config'.
2024-02-01 13:20:52,233 [INFO ] (1) - No matching nodes found for XPath expression '/configuration/cachingModule/@filesRevision'.
2024-02-01 13:20:52,249 [INFO ] (1) - XmlPoke finished
2024-02-01 13:20:52,249 [INFO ] (1) - Validations started
2024-02-01 13:20:52,264 [INFO ] (1) - There is nothing to validate
2024-02-01 13:20:52,280 [INFO ] (1) - Validations finished
2024-02-01 13:20:52,280 [INFO ] (1) - Installation module (IS) finished
2024-02-01 13:20:52,405 [INFO ] (1) - Installation of the package finished
[END LOG] 
[START LOG] 
2024-02-01 13:21:29,168 [INFO ] (1) - Checking package started: 'C:\ProgramData\Aras\ArasUpdate\PM\14.0.1.169\package.config'
2024-02-01 13:21:29,387 [INFO ] (1) - Checking package finished
2024-02-01 13:21:29,418 [INFO ] (1) - Checking package started: 'C:\ProgramData\Aras\ArasUpdate\PM\14.0.1.169\package.config'
2024-02-01 13:21:29,434 [INFO ] (1) - Checking package finished
2024-02-01 13:21:29,465 [ERROR] (1) - Value cannot be null. Parameter: 'Innovator.URL'.

2024-02-01 13:21:29,481 [ERROR] (1) - Value cannot be null. Parameter: 'Innovator.URL'.

The package contains language packs that require Innovator.URL, Innovator.DB, Innovator.Username, Innovator.Password properties
[END LOG] 
[START LOG] 
2024-02-01 13:21:55,469 [INFO ] (1) - Checking package started: 'C:\ProgramData\Aras\ArasUpdate\PM\14.0.1.169\package.config'
2024-02-01 13:21:55,703 [INFO ] (1) - Checking package finished
2024-02-01 13:21:55,735 [INFO ] (1) - Checking package started: 'C:\ProgramData\Aras\ArasUpdate\PM\14.0.1.169\package.config'
2024-02-01 13:21:55,750 [INFO ] (1) - Checking package finished
2024-02-01 13:21:56,047 [INFO ] (1) - Installation of the package started : 'PM' from 'C:\ProgramData\Aras\ArasUpdate\PM\14.0.1.169' directory
2024-02-01 13:21:56,063 [INFO ] (1) - CompatibilityPackage started
2024-02-01 13:21:56,375 [INFO ] (1) - Checking module 'IS' compatibility.
2024-02-01 13:21:56,500 [INFO ] (1) - LoadFile started
2024-02-01 13:21:56,500 [INFO ] (1) - Loading File : 'C:\Innovator\Innovator\Client\scripts\include\rev.inc'. 
2024-02-01 13:21:56,500 [INFO ] (1) - LoadFile finished
2024-02-01 13:21:56,594 [INFO ] (1) - XmlPeek started
2024-02-01 13:21:56,609 [INFO ] (1) - File path is 'C:\ProgramData\Aras\ArasUpdate\PM\14.0.1.169\compatibility.config'.
2024-02-01 13:21:56,609 [INFO ] (1) - Found '1' node with the XPath expression '//version_set[@name='CompatibleReleases']/******[@version='14.0.9']/@version'.
2024-02-01 13:21:56,609 [INFO ] (1) - XmlPeek finished
2024-02-01 13:21:56,688 [INFO ] (1) - [echo] RevInc.Label = 14.0.9
2024-02-01 13:21:56,703 [INFO ] (1) - Custom started
2024-02-01 13:21:56,703 [INFO ] (1) - Custom check the property : 'Version.Check'. The value : 'true'.
2024-02-01 13:21:56,703 [INFO ] (1) - Custom finished
2024-02-01 13:21:56,719 [INFO ] (1) - CompatibilityPackage finished
2024-02-01 13:21:56,735 [INFO ] (1) - XmlPeek started
2024-02-01 13:21:56,735 [INFO ] (1) - File path is 'C:\Innovator\Innovator\Client\web.config'.
2024-02-01 13:21:56,735 [INFO ] (1) - No matching nodes found for XPath expression '/configuration/cachingModule/@filesRevision'.
2024-02-01 13:21:56,750 [INFO ] (1) - XmlPeek finished
2024-02-01 13:21:56,828 [INFO ] (1) - BackUpChangedCodeTreeToGit started
2024-02-01 13:21:59,741 [INFO ] (1) - BackUpChangedCodeTreeToGit finished
2024-02-01 13:21:59,757 [INFO ] (1) - Installation module (IS) started
2024-02-01 13:21:59,773 [INFO ] (1) - CopyingFile started
2024-02-01 13:21:59,867 [INFO ] (1) - Copying 101 Files to 'C:\Innovator\Innovator\'.
2024-02-01 13:21:59,867 [INFO ] (1) - CopyingFile finished
2024-02-01 13:21:59,898 [INFO ] (1) - XmlPeek started
2024-02-01 13:21:59,898 [INFO ] (1) - File path is 'C:\Innovator\Innovator\Client\web.config'.
2024-02-01 13:21:59,913 [INFO ] (1) - No matching nodes found for XPath expression '/configuration/cachingModule/@filesRevision'.
2024-02-01 13:21:59,913 [INFO ] (1) - XmlPeek finished
2024-02-01 13:21:59,929 [INFO ] (1) - XmlPoke started
2024-02-01 13:21:59,945 [INFO ] (1) - File path is 'C:\Innovator\Innovator\Client\web.config'.
2024-02-01 13:21:59,945 [INFO ] (1) - No matching nodes found for XPath expression '/configuration/cachingModule/@filesRevision'.
2024-02-01 13:21:59,960 [INFO ] (1) - XmlPoke finished
2024-02-01 13:21:59,960 [INFO ] (1) - Validations started
2024-02-01 13:21:59,976 [INFO ] (1) - There is nothing to validate
2024-02-01 13:21:59,976 [INFO ] (1) - Validations finished
2024-02-01 13:21:59,992 [INFO ] (1) - Installation module (IS) finished
2024-02-01 13:22:00,101 [INFO ] (1) - Sending report to the service started
2024-02-01 13:22:00,116 [ERROR] (1) - EXCEPTION STACK TRACE START:    at Aras.Tools.ArasUpdateCore.Implementations.InnovatorWrapper.CreateAndPerformAndDeleteInnovatorMethod(InnovatorMethodItem ******MethodItem)
   at Aras.Tools.ArasUpdateCore.Implementations.LoadDataFromInnovator.GetInnovatorFrameworkKey() EXCEPTION STACK TRACE END
2024-02-01 13:22:00,132 [ERROR] (1) - System.ArgumentException: Specified value has invalid Control characters.
Parameter name: value
2024-02-01 13:22:00,132 [WARN ] (1) - Innovator Framework_Key was not found
2024-02-01 13:22:00,148 [INFO ] (1) - Installation of the package finished
[END LOG] 
[START LOG] 
2024-02-01 13:22:14,575 [INFO ] (1) - Checking package started: 'C:\ProgramData\Aras\ArasUpdate\PM\14.0.1.169\package.config'
2024-02-01 13:22:14,778 [INFO ] (1) - Checking package finished
2024-02-01 13:22:14,810 [INFO ] (1) - Checking package started: 'C:\ProgramData\Aras\ArasUpdate\PM\14.0.1.169\package.config'
2024-02-01 13:22:14,810 [INFO ] (1) - Checking package finished
2024-02-01 13:22:15,060 [ERROR] (1) - EXCEPTION STACK TRACE START:    at Aras.Tools.ArasUpdateCore.Implementations.InnovatorConnection.get_Innovator()
   at Aras.Tools.ArasUpdateCore.Implementations.InnovatorWrapper.GetInstalledLanguages()
   at Aras.Tools.ArasUpdateCore.Helpers.ArasUpdateParameters.CheckingLanguagePacks(InputParameters inputParameters)
   at Aras.Tools.ArasUpdateCore.Helpers.ArasUpdateParameters.LoadingInitialData(InputParameters inputParameters) EXCEPTION STACK TRACE END
2024-02-01 13:22:15,075 [ERROR] (1) - System.ArgumentException: Specified value has invalid Control characters.
Parameter name: value
2024-02-01 13:22:15,075 [ERROR] (1) - System.ArgumentException: Specified value has invalid Control characters.
Parameter name: value
[END LOG] 
[START LOG] 
2024-02-01 13:23:02,765 [INFO ] (1) - Checking package started: 'C:\ProgramData\Aras\ArasUpdate\PM\14.0.1.169\package.config'
2024-02-01 13:23:02,999 [INFO ] (1) - Checking package finished
2024-02-01 13:23:03,031 [INFO ] (1) - Checking package started: 'C:\ProgramData\Aras\ArasUpdate\PM\14.0.1.169\package.config'
2024-02-01 13:23:03,046 [INFO ] (1) - Checking package finished
2024-02-01 13:23:03,140 [ERROR] (1) - EXCEPTION STACK TRACE START:    at Aras.Tools.ArasUpdateCore.Implementations.InnovatorConnection.get_Innovator()
   at Aras.Tools.ArasUpdateCore.Implementations.InnovatorWrapper.GetInstalledLanguages()
   at Aras.Tools.ArasUpdateCore.Helpers.ArasUpdateParameters.CheckingLanguagePacks(InputParameters inputParameters)
   at Aras.Tools.ArasUpdateCore.Helpers.ArasUpdateParameters.LoadingInitialData(InputParameters inputParameters) EXCEPTION STACK TRACE END
2024-02-01 13:23:03,156 [ERROR] (1) - Invalid URI: The hostname could not be parsed.
2024-02-01 13:23:03,156 [ERROR] (1) - Invalid URI: The hostname could not be parsed.
[END LOG] 
[START LOG] 
2024-02-01 13:23:31,307 [INFO ] (1) - Checking package started: 'C:\ProgramData\Aras\ArasUpdate\PM\14.0.1.169\package.config'
2024-02-01 13:23:31,542 [INFO ] (1) - Checking package finished
2024-02-01 13:23:31,557 [INFO ] (1) - Checking package started: 'C:\ProgramData\Aras\ArasUpdate\PM\14.0.1.169\package.config'
2024-02-01 13:23:31,573 [INFO ] (1) - Checking package finished
2024-02-01 13:23:31,901 [ERROR] (1) - EXCEPTION STACK TRACE START:    at Aras.Tools.ArasUpdateCore.Implementations.InnovatorConnection.get_Innovator()
   at Aras.Tools.ArasUpdateCore.Implementations.InnovatorWrapper.GetInstalledLanguages()
   at Aras.Tools.ArasUpdateCore.Helpers.ArasUpdateParameters.CheckingLanguagePacks(InputParameters inputParameters)
   at Aras.Tools.ArasUpdateCore.Helpers.ArasUpdateParameters.LoadingInitialData(InputParameters inputParameters) EXCEPTION STACK TRACE END
2024-02-01 13:23:31,917 [ERROR] (1) - System.ArgumentException: Specified value has invalid Control characters.
Parameter name: value
2024-02-01 13:23:31,917 [ERROR] (1) - System.ArgumentException: Specified value has invalid Control characters.
Parameter name: value
[END LOG] 
[START LOG] 
2024-02-01 13:25:25,358 [INFO ] (1) - Checking package started: 'C:\ProgramData\Aras\ArasUpdate\PM\14.0.1.169\package.config'
2024-02-01 13:25:25,608 [INFO ] (1) - Checking package finished
2024-02-01 13:25:25,639 [INFO ] (1) - Checking package started: 'C:\ProgramData\Aras\ArasUpdate\PM\14.0.1.169\package.config'
2024-02-01 13:25:25,655 [INFO ] (1) - Checking package finished
2024-02-01 13:25:25,967 [ERROR] (1) - EXCEPTION STACK TRACE START:    at Aras.Tools.ArasUpdateCore.Implementations.InnovatorConnection.get_Innovator()
   at Aras.Tools.ArasUpdateCore.Implementations.InnovatorWrapper.GetInstalledLanguages()
   at Aras.Tools.ArasUpdateCore.Helpers.ArasUpdateParameters.CheckingLanguagePacks(InputParameters inputParameters)
   at Aras.Tools.ArasUpdateCore.Helpers.ArasUpdateParameters.LoadingInitialData(InputParameters inputParameters) EXCEPTION STACK TRACE END
2024-02-01 13:25:25,967 [ERROR] (1) - System.ArgumentException: Specified value has invalid Control characters.
Parameter name: value
2024-02-01 13:25:25,983 [ERROR] (1) - System.ArgumentException: Specified value has invalid Control characters.
Parameter name: value
[END LOG] 
[START LOG] 
[END LOG] 
[START LOG] 
2024-02-01 13:26:03,757 [INFO ] (1) - Checking package started: 'C:\ProgramData\Aras\ArasUpdate\PM\14.0.1.169\package.config'
2024-02-01 13:26:03,960 [INFO ] (1) - Checking package finished
[END LOG] 
[START LOG] 
2024-02-01 13:26:29,930 [INFO ] (1) - Checking package started: 'C:\ProgramData\Aras\ArasUpdate\PM\14.0.1.169\package.config'
2024-02-01 13:26:30,149 [INFO ] (1) - Checking package finished
2024-02-01 13:26:30,180 [INFO ] (1) - Checking package started: 'C:\ProgramData\Aras\ArasUpdate\PM\14.0.1.169\package.config'
2024-02-01 13:26:30,196 [INFO ] (1) - Checking package finished
2024-02-01 13:26:30,462 [ERROR] (1) - EXCEPTION STACK TRACE START:    at Aras.Tools.ArasUpdateCore.Implementations.InnovatorConnection.get_Innovator()
   at Aras.Tools.ArasUpdateCore.Implementations.InnovatorWrapper.GetInstalledLanguages()
   at Aras.Tools.ArasUpdateCore.Helpers.ArasUpdateParameters.CheckingLanguagePacks(InputParameters inputParameters)
   at Aras.Tools.ArasUpdateCore.Helpers.ArasUpdateParameters.LoadingInitialData(InputParameters inputParameters) EXCEPTION STACK TRACE END
2024-02-01 13:26:30,477 [ERROR] (1) - System.ArgumentException: Specified value has invalid Control characters.
Parameter name: value
2024-02-01 13:26:30,477 [ERROR] (1) - System.ArgumentException: Specified value has invalid Control characters.
Parameter name: value
[END LOG] 
[START LOG] 
2024-02-01 13:26:43,848 [INFO ] (1) - Checking package started: 'C:\ProgramData\Aras\ArasUpdate\PM\14.0.1.169\package.config'
2024-02-01 13:26:44,129 [INFO ] (1) - Checking package finished
2024-02-01 13:26:44,160 [INFO ] (1) - Checking package started: 'C:\ProgramData\Aras\ArasUpdate\PM\14.0.1.169\package.config'
2024-02-01 13:26:44,176 [INFO ] (1) - Checking package finished
2024-02-01 13:26:44,473 [ERROR] (1) - EXCEPTION STACK TRACE START:    at Aras.Tools.ArasUpdateCore.Implementations.InnovatorConnection.get_Innovator()
   at Aras.Tools.ArasUpdateCore.Implementations.InnovatorWrapper.GetInstalledLanguages()
   at Aras.Tools.ArasUpdateCore.Helpers.ArasUpdateParameters.CheckingLanguagePacks(InputParameters inputParameters)
   at Aras.Tools.ArasUpdateCore.Helpers.ArasUpdateParameters.LoadingInitialData(InputParameters inputParameters) EXCEPTION STACK TRACE END
2024-02-01 13:26:44,488 [ERROR] (1) - System.ArgumentException: Specified value has invalid Control characters.
Parameter name: value
2024-02-01 13:26:44,488 [ERROR] (1) - System.ArgumentException: Specified value has invalid Control characters.
Parameter name: value
[END LOG] 
[START LOG] 
2024-02-01 13:26:54,741 [INFO ] (1) - Checking package started: 'C:\ProgramData\Aras\ArasUpdate\PM\14.0.1.169\package.config'
2024-02-01 13:26:54,960 [INFO ] (1) - Checking package finished
2024-02-01 13:26:54,975 [INFO ] (1) - Checking package started: 'C:\ProgramData\Aras\ArasUpdate\PM\14.0.1.169\package.config'
2024-02-01 13:26:54,991 [INFO ] (1) - Checking package finished
2024-02-01 13:26:55,069 [ERROR] (1) - EXCEPTION STACK TRACE START:    at Aras.Tools.ArasUpdateCore.Implementations.InnovatorConnection.get_Innovator()
   at Aras.Tools.ArasUpdateCore.Implementations.InnovatorWrapper.GetInstalledLanguages()
   at Aras.Tools.ArasUpdateCore.Helpers.ArasUpdateParameters.CheckingLanguagePacks(InputParameters inputParameters)
   at Aras.Tools.ArasUpdateCore.Helpers.ArasUpdateParameters.LoadingInitialData(InputParameters inputParameters) EXCEPTION STACK TRACE END
2024-02-01 13:26:55,069 [ERROR] (1) - Invalid URI: The format of the URI could not be determined.
2024-02-01 13:26:55,069 [ERROR] (1) - Invalid URI: The format of the URI could not be determined.
[END LOG] 
[START LOG] 
2024-02-01 13:27:10,355 [INFO ] (1) - Checking package started: 'C:\ProgramData\Aras\ArasUpdate\PM\14.0.1.169\package.config'
2024-02-01 13:27:10,589 [INFO ] (1) - Checking package finished
2024-02-01 13:27:10,621 [INFO ] (1) - Checking package started: 'C:\ProgramData\Aras\ArasUpdate\PM\14.0.1.169\package.config'
2024-02-01 13:27:10,636 [INFO ] (1) - Checking package finished
2024-02-01 13:27:11,292 [ERROR] (1) - EXCEPTION STACK TRACE START:    at Aras.Tools.ArasUpdateCore.Implementations.InnovatorConnection.get_Innovator()
   at Aras.Tools.ArasUpdateCore.Implementations.InnovatorWrapper.GetInstalledLanguages()
   at Aras.Tools.ArasUpdateCore.Helpers.ArasUpdateParameters.CheckingLanguagePacks(InputParameters inputParameters)
   at Aras.Tools.ArasUpdateCore.Helpers.ArasUpdateParameters.LoadingInitialData(InputParameters inputParameters) EXCEPTION STACK TRACE END
2024-02-01 13:27:11,292 [ERROR] (1) - System.ArgumentException: Specified value has invalid Control characters.
Parameter name: value
2024-02-01 13:27:11,308 [ERROR] (1) - System.ArgumentException: Specified value has invalid Control characters.
Parameter name: value
[END LOG] 
[START LOG] 
2024-02-01 13:27:26,632 [INFO ] (1) - Checking package started: 'C:\ProgramData\Aras\ArasUpdate\PM\14.0.1.169\package.config'
2024-02-01 13:27:26,882 [INFO ] (1) - Checking package finished
2024-02-01 13:27:26,913 [INFO ] (1) - Checking package started: 'C:\ProgramData\Aras\ArasUpdate\PM\14.0.1.169\package.config'
2024-02-01 13:27:26,945 [INFO ] (1) - Checking package finished
2024-02-01 13:27:27,319 [ERROR] (1) - EXCEPTION STACK TRACE START:    at Aras.Tools.ArasUpdateCore.Implementations.InnovatorConnection.get_Innovator()
   at Aras.Tools.ArasUpdateCore.Implementations.InnovatorWrapper.GetInstalledLanguages()
   at Aras.Tools.ArasUpdateCore.Helpers.ArasUpdateParameters.CheckingLanguagePacks(InputParameters inputParameters)
   at Aras.Tools.ArasUpdateCore.Helpers.ArasUpdateParameters.LoadingInitialData(InputParameters inputParameters) EXCEPTION STACK TRACE END
2024-02-01 13:27:27,335 [ERROR] (1) - System.ArgumentException: Specified value has invalid Control characters.
Parameter name: value
2024-02-01 13:27:27,335 [ERROR] (1) - System.ArgumentException: Specified value has invalid Control characters.
Parameter name: value
[END LOG] 
[START LOG] 
2024-02-01 13:40:19,978 [INFO ] (1) - Decompress Zip finished
2024-02-01 13:40:20,166 [INFO ] (1) - Checking package started: 'C:\ProgramData\Aras/ArasUpdate\PM\14.0.1.169\package.config'
2024-02-01 13:40:20,213 [INFO ] (1) - Checking package finished
2024-02-01 13:40:20,213 [INFO ] (1) - Downloading of package finished
2024-02-01 13:40:20,228 [INFO ] (1) - Checking package started: 'C:\ProgramData\Aras\ArasUpdate\PM\14.0.1.169\package.config'
2024-02-01 13:40:20,244 [INFO ] (1) - Checking package finished
2024-02-01 13:40:20,259 [INFO ] (1) - Checking package started: 'C:\ProgramData\Aras\ArasUpdate\PM\14.0.1.169\package.config'
2024-02-01 13:40:20,275 [INFO ] (1) - Checking package finished
2024-02-01 13:40:20,306 [INFO ] (1) - Installation of the package started : 'PM' from 'C:\ProgramData\Aras\ArasUpdate\PM\14.0.1.169' directory
2024-02-01 13:40:20,322 [INFO ] (1) - CompatibilityPackage started
2024-02-01 13:40:20,775 [INFO ] (1) - Checking module 'IS' compatibility.
2024-02-01 13:40:20,853 [INFO ] (1) - LoadFile started
2024-02-01 13:40:20,869 [INFO ] (1) - Loading File : 'C:/Innovator/Innovator\Client\scripts\include\rev.inc'. 
2024-02-01 13:40:20,869 [INFO ] (1) - LoadFile finished
2024-02-01 13:40:20,916 [INFO ] (1) - XmlPeek started
2024-02-01 13:40:20,931 [INFO ] (1) - File path is 'C:\ProgramData\Aras\ArasUpdate\PM\14.0.1.169\compatibility.config'.
2024-02-01 13:40:20,931 [INFO ] (1) - Found '1' node with the XPath expression '//version_set[@name='CompatibleReleases']/******[@version='14.0.9']/@version'.
2024-02-01 13:40:20,931 [INFO ] (1) - XmlPeek finished
2024-02-01 13:40:20,978 [INFO ] (1) - [echo] RevInc.Label = 14.0.9
2024-02-01 13:40:20,978 [INFO ] (1) - Custom started
2024-02-01 13:40:20,994 [INFO ] (1) - Custom check the property : 'Version.Check'. The value : 'true'.
2024-02-01 13:40:20,994 [INFO ] (1) - Custom finished
2024-02-01 13:40:20,994 [INFO ] (1) - CompatibilityPackage finished
2024-02-01 13:40:21,009 [INFO ] (1) - XmlPeek started
2024-02-01 13:40:21,009 [INFO ] (1) - File path is 'C:/Innovator/Innovator\Client\web.config'.
2024-02-01 13:40:21,009 [INFO ] (1) - No matching nodes found for XPath expression '/configuration/cachingModule/@filesRevision'.
2024-02-01 13:40:21,025 [INFO ] (1) - XmlPeek finished
2024-02-01 13:40:21,088 [INFO ] (1) - BackUpChangedCodeTreeToGit started
2024-02-01 13:40:21,244 [INFO ] (1) - BackUpChangedCodeTreeToGit finished
2024-02-01 13:40:21,322 [INFO ] (1) - Installation module (IS) started
2024-02-01 13:40:21,338 [INFO ] (1) - CopyingFile started
2024-02-01 13:40:21,384 [INFO ] (1) - Copying 101 Files to 'C:/Innovator/Innovator\'.
2024-02-01 13:40:21,384 [INFO ] (1) - CopyingFile finished
2024-02-01 13:40:21,400 [INFO ] (1) - XmlPeek started
2024-02-01 13:40:21,400 [INFO ] (1) - File path is 'C:/Innovator/Innovator\Client\web.config'.
2024-02-01 13:40:21,416 [INFO ] (1) - No matching nodes found for XPath expression '/configuration/cachingModule/@filesRevision'.
2024-02-01 13:40:21,416 [INFO ] (1) - XmlPeek finished
2024-02-01 13:40:21,416 [INFO ] (1) - XmlPoke started
2024-02-01 13:40:21,431 [INFO ] (1) - File path is 'C:/Innovator/Innovator\Client\web.config'.
2024-02-01 13:40:21,431 [INFO ] (1) - No matching nodes found for XPath expression '/configuration/cachingModule/@filesRevision'.
2024-02-01 13:40:21,431 [INFO ] (1) - XmlPoke finished
2024-02-01 13:40:21,447 [INFO ] (1) - Validations started
2024-02-01 13:40:21,447 [INFO ] (1) - There is nothing to validate
2024-02-01 13:40:21,447 [INFO ] (1) - Validations finished
2024-02-01 13:40:21,463 [INFO ] (1) - Installation module (IS) finished
2024-02-01 13:40:21,478 [INFO ] (1) - Sending report to the service started
2024-02-01 13:40:21,509 [ERROR] (1) - EXCEPTION STACK TRACE START:    at Aras.Tools.ArasUpdateCore.Implementations.InnovatorWrapper.CreateAndPerformAndDeleteInnovatorMethod(InnovatorMethodItem ******MethodItem)
   at Aras.Tools.ArasUpdateCore.Implementations.LoadDataFromInnovator.GetInnovatorFrameworkKey() EXCEPTION STACK TRACE END
2024-02-01 13:40:21,525 [ERROR] (1) - System.ArgumentException: Specified value has invalid Control characters.
Parameter name: value
2024-02-01 13:40:21,525 [WARN ] (1) - Innovator Framework_Key was not found
2024-02-01 13:40:21,525 [INFO ] (1) - Installation of the package finished
[END LOG] 
[START LOG] 
2024-02-01 13:41:12,265 [INFO ] (1) - Checking package started: 'C:\ProgramData\Aras\ArasUpdate\PM\14.0.1.169\package.config'
2024-02-01 13:41:12,483 [INFO ] (1) - Checking package finished
2024-02-01 13:41:12,515 [INFO ] (1) - Checking package started: 'C:\ProgramData\Aras\ArasUpdate\PM\14.0.1.169\package.config'
2024-02-01 13:41:12,530 [INFO ] (1) - Checking package finished
2024-02-01 13:41:12,827 [INFO ] (1) - Installation of the package started : 'PM' from 'C:\ProgramData\Aras\ArasUpdate\PM\14.0.1.169' directory
2024-02-01 13:41:12,843 [INFO ] (1) - CompatibilityPackage started
2024-02-01 13:41:13,155 [INFO ] (1) - Checking module 'IS' compatibility.
2024-02-01 13:41:13,249 [INFO ] (1) - LoadFile started
2024-02-01 13:41:13,249 [INFO ] (1) - Loading File : 'C:/Innovator/Innovator\Client\scripts\include\rev.inc'. 
2024-02-01 13:41:13,265 [INFO ] (1) - LoadFile finished
2024-02-01 13:41:13,343 [INFO ] (1) - XmlPeek started
2024-02-01 13:41:13,358 [INFO ] (1) - File path is 'C:\ProgramData\Aras\ArasUpdate\PM\14.0.1.169\compatibility.config'.
2024-02-01 13:41:13,358 [INFO ] (1) - Found '1' node with the XPath expression '//version_set[@name='CompatibleReleases']/******[@version='14.0.9']/@version'.
2024-02-01 13:41:13,374 [INFO ] (1) - XmlPeek finished
2024-02-01 13:41:13,455 [INFO ] (1) - [echo] RevInc.Label = 14.0.9
2024-02-01 13:41:13,471 [INFO ] (1) - Custom started
2024-02-01 13:41:13,487 [INFO ] (1) - Custom check the property : 'Version.Check'. The value : 'true'.
2024-02-01 13:41:13,487 [INFO ] (1) - Custom finished
2024-02-01 13:41:13,502 [INFO ] (1) - CompatibilityPackage finished
2024-02-01 13:41:13,518 [INFO ] (1) - XmlPeek started
2024-02-01 13:41:13,534 [INFO ] (1) - File path is 'C:/Innovator/Innovator\Client\web.config'.
2024-02-01 13:41:13,534 [INFO ] (1) - No matching nodes found for XPath expression '/configuration/cachingModule/@filesRevision'.
2024-02-01 13:41:13,549 [INFO ] (1) - XmlPeek finished
2024-02-01 13:41:13,627 [INFO ] (1) - BackUpChangedCodeTreeToGit started
2024-02-01 13:41:16,857 [INFO ] (1) - BackUpChangedCodeTreeToGit finished
2024-02-01 13:41:16,904 [INFO ] (1) - Installation module (IS) started
2024-02-01 13:41:16,920 [INFO ] (1) - CopyingFile started
2024-02-01 13:41:16,998 [INFO ] (1) - Copying 101 Files to 'C:/Innovator/Innovator\'.
2024-02-01 13:41:16,998 [INFO ] (1) - CopyingFile finished
2024-02-01 13:41:17,013 [INFO ] (1) - XmlPeek started
2024-02-01 13:41:17,029 [INFO ] (1) - File path is 'C:/Innovator/Innovator\Client\web.config'.
2024-02-01 13:41:17,029 [INFO ] (1) - No matching nodes found for XPath expression '/configuration/cachingModule/@filesRevision'.
2024-02-01 13:41:17,029 [INFO ] (1) - XmlPeek finished
2024-02-01 13:41:17,044 [INFO ] (1) - XmlPoke started
2024-02-01 13:41:17,060 [INFO ] (1) - File path is 'C:/Innovator/Innovator\Client\web.config'.
2024-02-01 13:41:17,060 [INFO ] (1) - No matching nodes found for XPath expression '/configuration/cachingModule/@filesRevision'.
2024-02-01 13:41:17,076 [INFO ] (1) - XmlPoke finished
2024-02-01 13:41:17,076 [INFO ] (1) - Validations started
2024-02-01 13:41:17,076 [INFO ] (1) - There is nothing to validate
2024-02-01 13:41:17,092 [INFO ] (1) - Validations finished
2024-02-01 13:41:17,092 [INFO ] (1) - Installation module (IS) finished
2024-02-01 13:41:17,201 [INFO ] (1) - Sending report to the service started
2024-02-01 13:41:17,216 [ERROR] (1) - EXCEPTION STACK TRACE START:    at Aras.Tools.ArasUpdateCore.Implementations.InnovatorWrapper.CreateAndPerformAndDeleteInnovatorMethod(InnovatorMethodItem ******MethodItem)
   at Aras.Tools.ArasUpdateCore.Implementations.LoadDataFromInnovator.GetInnovatorFrameworkKey() EXCEPTION STACK TRACE END
2024-02-01 13:41:17,232 [ERROR] (1) - System.ArgumentException: Specified value has invalid Control characters.
Parameter name: value
2024-02-01 13:41:17,248 [WARN ] (1) - Innovator Framework_Key was not found
2024-02-01 13:41:17,263 [INFO ] (1) - Installation of the package finished
[END LOG] 
[START LOG] 
2024-02-01 13:41:45,332 [INFO ] (1) - Checking package started: 'C:\ProgramData\Aras\ArasUpdate\PM\14.0.1.169\package.config'
2024-02-01 13:41:45,551 [INFO ] (1) - Checking package finished
2024-02-01 13:41:45,582 [INFO ] (1) - Checking package started: 'C:\ProgramData\Aras\ArasUpdate\PM\14.0.1.169\package.config'
2024-02-01 13:41:45,598 [INFO ] (1) - Checking package finished
2024-02-01 13:41:45,614 [ERROR] (1) - Value cannot be null. Parameter: 'Innovator.Dir'.

2024-02-01 13:41:45,942 [ERROR] (1) - EXCEPTION STACK TRACE START:    at Aras.Tools.ArasUpdateCore.Implementations.InnovatorConnection.get_Innovator()
   at Aras.Tools.ArasUpdateCore.Implementations.InnovatorWrapper.GetInstalledLanguages()
   at Aras.Tools.ArasUpdateCore.Helpers.ArasUpdateParameters.CheckingLanguagePacks(InputParameters inputParameters)
   at Aras.Tools.ArasUpdateCore.Helpers.ArasUpdateParameters.LoadingInitialData(InputParameters inputParameters) EXCEPTION STACK TRACE END
2024-02-01 13:41:45,957 [ERROR] (1) - System.ArgumentException: Specified value has invalid Control characters.
Parameter name: value
2024-02-01 13:41:45,957 [ERROR] (1) - System.ArgumentException: Specified value has invalid Control characters.
Parameter name: value
[END LOG] 
[START LOG] 
2024-02-01 13:42:08,711 [INFO ] (1) - Checking package started: 'C:\ProgramData\Aras\ArasUpdate\PM\14.0.1.169\package.config'
2024-02-01 13:42:08,945 [INFO ] (1) - Checking package finished
2024-02-01 13:42:08,977 [INFO ] (1) - Checking package started: 'C:\ProgramData\Aras\ArasUpdate\PM\14.0.1.169\package.config'
2024-02-01 13:42:08,992 [INFO ] (1) - Checking package finished
2024-02-01 13:42:09,023 [ERROR] (1) - Value cannot be null. Parameter: 'Innovator.Dir'.
Value cannot be null. Parameter: 'Innovator.URL'.

2024-02-01 13:42:09,039 [ERROR] (1) - Value cannot be null. Parameter: 'Innovator.Dir'.
Value cannot be null. Parameter: 'Innovator.URL'.

The package contains language packs that require Innovator.URL, Innovator.DB, Innovator.Username, Innovator.Password properties
[END LOG] 
[START LOG] 
2024-02-01 13:42:29,373 [INFO ] (1) - Checking package started: 'C:\ProgramData\Aras\ArasUpdate\PM\14.0.1.169\package.config'
2024-02-01 13:42:29,592 [INFO ] (1) - Checking package finished
2024-02-01 13:42:29,623 [INFO ] (1) - Checking package started: 'C:\ProgramData\Aras\ArasUpdate\PM\14.0.1.169\package.config'
2024-02-01 13:42:29,638 [INFO ] (1) - Checking package finished
2024-02-01 13:42:29,951 [INFO ] (1) - Installation of the package started : 'PM' from 'C:\ProgramData\Aras\ArasUpdate\PM\14.0.1.169' directory
2024-02-01 13:42:29,967 [INFO ] (1) - CompatibilityPackage started
2024-02-01 13:42:30,295 [INFO ] (1) - Checking module 'IS' compatibility.
2024-02-01 13:42:30,388 [INFO ] (1) - LoadFile started
2024-02-01 13:42:30,404 [INFO ] (1) - Loading File : 'C:/Innovator/Innovator\Client\scripts\include\rev.inc'. 
2024-02-01 13:42:30,404 [INFO ] (1) - LoadFile finished
2024-02-01 13:42:30,498 [INFO ] (1) - XmlPeek started
2024-02-01 13:42:30,513 [INFO ] (1) - File path is 'C:\ProgramData\Aras\ArasUpdate\PM\14.0.1.169\compatibility.config'.
2024-02-01 13:42:30,513 [INFO ] (1) - Found '1' node with the XPath expression '//version_set[@name='CompatibleReleases']/******[@version='14.0.9']/@version'.
2024-02-01 13:42:30,513 [INFO ] (1) - XmlPeek finished
2024-02-01 13:42:30,607 [INFO ] (1) - [echo] RevInc.Label = 14.0.9
2024-02-01 13:42:30,623 [INFO ] (1) - Custom started
2024-02-01 13:42:30,623 [INFO ] (1) - Custom check the property : 'Version.Check'. The value : 'true'.
2024-02-01 13:42:30,623 [INFO ] (1) - Custom finished
2024-02-01 13:42:30,623 [INFO ] (1) - CompatibilityPackage finished
2024-02-01 13:42:30,654 [INFO ] (1) - XmlPeek started
2024-02-01 13:42:30,654 [INFO ] (1) - File path is 'C:/Innovator/Innovator\Client\web.config'.
2024-02-01 13:42:30,670 [INFO ] (1) - No matching nodes found for XPath expression '/configuration/cachingModule/@filesRevision'.
2024-02-01 13:42:30,670 [INFO ] (1) - XmlPeek finished
2024-02-01 13:42:30,764 [INFO ] (1) - BackUpChangedCodeTreeToGit started
2024-02-01 13:42:33,295 [INFO ] (1) - BackUpChangedCodeTreeToGit finished
2024-02-01 13:42:33,342 [INFO ] (1) - Installation module (IS) started
2024-02-01 13:42:33,357 [INFO ] (1) - CopyingFile started
2024-02-01 13:42:33,420 [INFO ] (1) - Copying 101 Files to 'C:/Innovator/Innovator\'.
2024-02-01 13:42:33,435 [INFO ] (1) - CopyingFile finished
2024-02-01 13:42:33,451 [INFO ] (1) - XmlPeek started
2024-02-01 13:42:33,451 [INFO ] (1) - File path is 'C:/Innovator/Innovator\Client\web.config'.
2024-02-01 13:42:33,451 [INFO ] (1) - No matching nodes found for XPath expression '/configuration/cachingModule/@filesRevision'.
2024-02-01 13:42:33,451 [INFO ] (1) - XmlPeek finished
2024-02-01 13:42:33,482 [INFO ] (1) - XmlPoke started
2024-02-01 13:42:33,482 [INFO ] (1) - File path is 'C:/Innovator/Innovator\Client\web.config'.
2024-02-01 13:42:33,498 [INFO ] (1) - No matching nodes found for XPath expression '/configuration/cachingModule/@filesRevision'.
2024-02-01 13:42:33,498 [INFO ] (1) - XmlPoke finished
2024-02-01 13:42:33,513 [INFO ] (1) - Validations started
2024-02-01 13:42:33,529 [INFO ] (1) - There is nothing to validate
2024-02-01 13:42:33,529 [INFO ] (1) - Validations finished
2024-02-01 13:42:33,545 [INFO ] (1) - Installation module (IS) finished
2024-02-01 13:42:33,638 [INFO ] (1) - Sending report to the service started
2024-02-01 13:42:33,685 [ERROR] (1) - EXCEPTION STACK TRACE START:    at Aras.Tools.ArasUpdateCore.Implementations.InnovatorWrapper.CreateAndPerformAndDeleteInnovatorMethod(InnovatorMethodItem ******MethodItem)
   at Aras.Tools.ArasUpdateCore.Implementations.LoadDataFromInnovator.GetInnovatorFrameworkKey() EXCEPTION STACK TRACE END
2024-02-01 13:42:33,685 [ERROR] (1) - System.ArgumentException: Specified value has invalid Control characters.
Parameter name: value
2024-02-01 13:42:33,701 [WARN ] (1) - Innovator Framework_Key was not found
2024-02-01 13:42:33,717 [INFO ] (1) - Installation of the package finished
[END LOG] 
[START LOG] 
2024-02-01 13:42:58,388 [INFO ] (1) - Checking package started: 'C:\ProgramData\Aras\ArasUpdate\PM\14.0.1.169\package.config'
2024-02-01 13:42:58,622 [INFO ] (1) - Checking package finished
2024-02-01 13:42:58,654 [INFO ] (1) - Checking package started: 'C:\ProgramData\Aras\ArasUpdate\PM\14.0.1.169\package.config'
2024-02-01 13:42:58,669 [INFO ] (1) - Checking package finished
2024-02-01 13:42:58,966 [INFO ] (1) - Installation of the package started : 'PM' from 'C:\ProgramData\Aras\ArasUpdate\PM\14.0.1.169' directory
2024-02-01 13:42:58,982 [INFO ] (1) - CompatibilityPackage started
2024-02-01 13:42:59,282 [INFO ] (1) - Checking module 'IS' compatibility.
2024-02-01 13:42:59,391 [INFO ] (1) - LoadFile started
2024-02-01 13:42:59,391 [INFO ] (1) - Loading File : 'C:/Innovator/Innovator\Client\scripts\include\rev.inc'. 
2024-02-01 13:42:59,407 [INFO ] (1) - LoadFile finished
2024-02-01 13:42:59,485 [INFO ] (1) - XmlPeek started
2024-02-01 13:42:59,485 [INFO ] (1) - File path is 'C:\ProgramData\Aras\ArasUpdate\PM\14.0.1.169\compatibility.config'.
2024-02-01 13:42:59,501 [INFO ] (1) - Found '1' node with the XPath expression '//version_set[@name='CompatibleReleases']/******[@version='14.0.9']/@version'.
2024-02-01 13:42:59,501 [INFO ] (1) - XmlPeek finished
2024-02-01 13:42:59,595 [INFO ] (1) - [echo] RevInc.Label = 14.0.9
2024-02-01 13:42:59,598 [INFO ] (1) - Custom started
2024-02-01 13:42:59,613 [INFO ] (1) - Custom check the property : 'Version.Check'. The value : 'true'.
2024-02-01 13:42:59,613 [INFO ] (1) - Custom finished
2024-02-01 13:42:59,613 [INFO ] (1) - CompatibilityPackage finished
2024-02-01 13:42:59,645 [INFO ] (1) - XmlPeek started
2024-02-01 13:42:59,645 [INFO ] (1) - File path is 'C:/Innovator/Innovator\Client\web.config'.
2024-02-01 13:42:59,660 [INFO ] (1) - No matching nodes found for XPath expression '/configuration/cachingModule/@filesRevision'.
2024-02-01 13:42:59,660 [INFO ] (1) - XmlPeek finished
2024-02-01 13:42:59,754 [INFO ] (1) - BackUpChangedCodeTreeToGit started
2024-02-01 13:43:02,595 [INFO ] (1) - BackUpChangedCodeTreeToGit finished
2024-02-01 13:43:02,611 [INFO ] (1) - Installation module (IS) started
2024-02-01 13:43:02,642 [INFO ] (1) - CopyingFile started
2024-02-01 13:43:02,720 [INFO ] (1) - Copying 101 Files to 'C:/Innovator/Innovator\'.
2024-02-01 13:43:02,736 [INFO ] (1) - CopyingFile finished
2024-02-01 13:43:02,752 [INFO ] (1) - XmlPeek started
2024-02-01 13:43:02,752 [INFO ] (1) - File path is 'C:/Innovator/Innovator\Client\web.config'.
2024-02-01 13:43:02,752 [INFO ] (1) - No matching nodes found for XPath expression '/configuration/cachingModule/@filesRevision'.
2024-02-01 13:43:02,767 [INFO ] (1) - XmlPeek finished
2024-02-01 13:43:02,783 [INFO ] (1) - XmlPoke started
2024-02-01 13:43:02,783 [INFO ] (1) - File path is 'C:/Innovator/Innovator\Client\web.config'.
2024-02-01 13:43:02,798 [INFO ] (1) - No matching nodes found for XPath expression '/configuration/cachingModule/@filesRevision'.
2024-02-01 13:43:02,798 [INFO ] (1) - XmlPoke finished
2024-02-01 13:43:02,814 [INFO ] (1) - Validations started
2024-02-01 13:43:02,814 [INFO ] (1) - There is nothing to validate
2024-02-01 13:43:02,830 [INFO ] (1) - Validations finished
2024-02-01 13:43:02,830 [INFO ] (1) - Installation module (IS) finished
2024-02-01 13:43:02,908 [INFO ] (1) - Sending report to the service started
2024-02-01 13:43:02,939 [ERROR] (1) - EXCEPTION STACK TRACE START:    at Aras.Tools.ArasUpdateCore.Implementations.InnovatorWrapper.CreateAndPerformAndDeleteInnovatorMethod(InnovatorMethodItem ******MethodItem)
   at Aras.Tools.ArasUpdateCore.Implementations.LoadDataFromInnovator.GetInnovatorFrameworkKey() EXCEPTION STACK TRACE END
2024-02-01 13:43:02,955 [ERROR] (1) - System.ArgumentException: Specified value has invalid Control characters.
Parameter name: value
2024-02-01 13:43:02,955 [WARN ] (1) - Innovator Framework_Key was not found
2024-02-01 13:43:02,970 [INFO ] (1) - Installation of the package finished
[END LOG] 
[START LOG] 
2024-02-01 13:43:47,179 [INFO ] (1) - Checking package started: 'C:\ProgramData\Aras\ArasUpdate\PM\14.0.1.169\package.config'
2024-02-01 13:43:47,522 [INFO ] (1) - Checking package finished
2024-02-01 13:43:47,927 [INFO ] (1) - Checking package started: 'C:\ProgramData\Aras\ArasUpdate\PM\14.0.1.169\package.config'
2024-02-01 13:43:47,943 [INFO ] (1) - Checking package finished
2024-02-01 13:43:48,246 [INFO ] (1) - Installation of the package started : 'PM' from 'C:\ProgramData\Aras\ArasUpdate\PM\14.0.1.169' directory
2024-02-01 13:43:48,246 [INFO ] (1) - CompatibilityPackage started
2024-02-01 13:43:48,567 [INFO ] (1) - Checking module 'IS' compatibility.
2024-02-01 13:43:48,676 [INFO ] (1) - LoadFile started
2024-02-01 13:43:48,676 [INFO ] (1) - Loading File : 'C:\Innovator\Innovator\Client\scripts\include\rev.inc'. 
2024-02-01 13:43:48,676 [INFO ] (1) - LoadFile finished
2024-02-01 13:43:48,770 [INFO ] (1) - XmlPeek started
2024-02-01 13:43:48,770 [INFO ] (1) - File path is 'C:\ProgramData\Aras\ArasUpdate\PM\14.0.1.169\compatibility.config'.
2024-02-01 13:43:48,786 [INFO ] (1) - Found '1' node with the XPath expression '//version_set[@name='CompatibleReleases']/******[@version='14.0.9']/@version'.
2024-02-01 13:43:48,786 [INFO ] (1) - XmlPeek finished
2024-02-01 13:43:48,864 [INFO ] (1) - [echo] RevInc.Label = 14.0.9
2024-02-01 13:43:48,880 [INFO ] (1) - Custom started
2024-02-01 13:43:48,880 [INFO ] (1) - Custom check the property : 'Version.Check'. The value : 'true'.
2024-02-01 13:43:48,895 [INFO ] (1) - Custom finished
2024-02-01 13:43:48,895 [INFO ] (1) - CompatibilityPackage finished
2024-02-01 13:43:48,911 [INFO ] (1) - XmlPeek started
2024-02-01 13:43:48,927 [INFO ] (1) - File path is 'C:\Innovator\Innovator\Client\web.config'.
2024-02-01 13:43:48,927 [INFO ] (1) - No matching nodes found for XPath expression '/configuration/cachingModule/@filesRevision'.
2024-02-01 13:43:48,942 [INFO ] (1) - XmlPeek finished
2024-02-01 13:43:49,005 [INFO ] (1) - BackUpChangedCodeTreeToGit started
2024-02-01 13:43:52,271 [INFO ] (1) - BackUpChangedCodeTreeToGit finished
2024-02-01 13:43:52,302 [INFO ] (1) - Installation module (IS) started
2024-02-01 13:43:52,317 [INFO ] (1) - CopyingFile started
2024-02-01 13:43:52,396 [INFO ] (1) - Copying 101 Files to 'C:\Innovator\Innovator\'.
2024-02-01 13:43:52,396 [INFO ] (1) - CopyingFile finished
2024-02-01 13:43:52,411 [INFO ] (1) - XmlPeek started
2024-02-01 13:43:52,427 [INFO ] (1) - File path is 'C:\Innovator\Innovator\Client\web.config'.
2024-02-01 13:43:52,427 [INFO ] (1) - No matching nodes found for XPath expression '/configuration/cachingModule/@filesRevision'.
2024-02-01 13:43:52,443 [INFO ] (1) - XmlPeek finished
2024-02-01 13:43:52,458 [INFO ] (1) - XmlPoke started
2024-02-01 13:43:52,474 [INFO ] (1) - File path is 'C:\Innovator\Innovator\Client\web.config'.
2024-02-01 13:43:52,490 [INFO ] (1) - No matching nodes found for XPath expression '/configuration/cachingModule/@filesRevision'.
2024-02-01 13:43:52,505 [INFO ] (1) - XmlPoke finished
2024-02-01 13:43:52,505 [INFO ] (1) - Validations started
2024-02-01 13:43:52,521 [INFO ] (1) - There is nothing to validate
2024-02-01 13:43:52,521 [INFO ] (1) - Validations finished
2024-02-01 13:43:52,537 [INFO ] (1) - Installation module (IS) finished
2024-02-01 13:43:52,662 [INFO ] (1) - Sending report to the service started
2024-02-01 13:43:52,693 [ERROR] (1) - EXCEPTION STACK TRACE START:    at Aras.Tools.ArasUpdateCore.Implementations.InnovatorWrapper.CreateAndPerformAndDeleteInnovatorMethod(InnovatorMethodItem ******MethodItem)
   at Aras.Tools.ArasUpdateCore.Implementations.LoadDataFromInnovator.GetInnovatorFrameworkKey() EXCEPTION STACK TRACE END
2024-02-01 13:43:52,708 [ERROR] (1) - System.ArgumentException: Specified value has invalid Control characters.
Parameter name: value
2024-02-01 13:43:52,708 [WARN ] (1) - Innovator Framework_Key was not found
2024-02-01 13:43:52,724 [INFO ] (1) - Installation of the package finished
[END LOG] 
[START LOG] 
2024-02-01 13:44:10,422 [INFO ] (1) - Checking package started: 'C:\ProgramData\Aras\ArasUpdate\PM\14.0.1.169\package.config'
2024-02-01 13:44:10,641 [INFO ] (1) - Checking package finished
2024-02-01 13:44:10,672 [INFO ] (1) - Checking package started: 'C:\ProgramData\Aras\ArasUpdate\PM\14.0.1.169\package.config'
2024-02-01 13:44:10,688 [INFO ] (1) - Checking package finished
2024-02-01 13:44:10,969 [ERROR] (1) - EXCEPTION STACK TRACE START:    at Aras.Tools.ArasUpdateCore.Implementations.InnovatorConnection.get_Innovator()
   at Aras.Tools.ArasUpdateCore.Implementations.InnovatorWrapper.GetInstalledLanguages()
   at Aras.Tools.ArasUpdateCore.Helpers.ArasUpdateParameters.CheckingLanguagePacks(InputParameters inputParameters)
   at Aras.Tools.ArasUpdateCore.Helpers.ArasUpdateParameters.LoadingInitialData(InputParameters inputParameters) EXCEPTION STACK TRACE END
2024-02-01 13:44:10,969 [ERROR] (1) - System.ArgumentException: Specified value has invalid Control characters.
Parameter name: value
2024-02-01 13:44:10,969 [ERROR] (1) - System.ArgumentException: Specified value has invalid Control characters.
Parameter name: value
[END LOG] 
[START LOG] 
2024-02-01 13:44:34,969 [INFO ] (1) - Checking package started: 'C:\ProgramData\Aras\ArasUpdate\PM\14.0.1.169\package.config'
2024-02-01 13:44:35,172 [INFO ] (1) - Checking package finished
2024-02-01 13:44:35,203 [INFO ] (1) - Checking package started: 'C:\ProgramData\Aras\ArasUpdate\PM\14.0.1.169\package.config'
2024-02-01 13:44:35,219 [INFO ] (1) - Checking package finished
2024-02-01 13:44:35,500 [ERROR] (1) - EXCEPTION STACK TRACE START:    at Aras.Tools.ArasUpdateCore.Implementations.InnovatorConnection.get_Innovator()
   at Aras.Tools.ArasUpdateCore.Implementations.InnovatorWrapper.GetInstalledLanguages()
   at Aras.Tools.ArasUpdateCore.Helpers.ArasUpdateParameters.CheckingLanguagePacks(InputParameters inputParameters)
   at Aras.Tools.ArasUpdateCore.Helpers.ArasUpdateParameters.LoadingInitialData(InputParameters inputParameters) EXCEPTION STACK TRACE END
2024-02-01 13:44:35,500 [ERROR] (1) - System.ArgumentException: Specified value has invalid Control characters.
Parameter name: value
2024-02-01 13:44:35,515 [ERROR] (1) - System.ArgumentException: Specified value has invalid Control characters.
Parameter name: value
[END LOG] 
[START LOG] 
2024-02-01 13:44:43,783 [INFO ] (1) - Checking package started: 'C:\ProgramData\Aras\ArasUpdate\PM\14.0.1.169\package.config'
2024-02-01 13:44:44,002 [INFO ] (1) - Checking package finished
2024-02-01 13:44:44,033 [INFO ] (1) - Checking package started: 'C:\ProgramData\Aras\ArasUpdate\PM\14.0.1.169\package.config'
2024-02-01 13:44:44,049 [INFO ] (1) - Checking package finished
2024-02-01 13:44:44,353 [ERROR] (1) - EXCEPTION STACK TRACE START:    at Aras.Tools.ArasUpdateCore.Implementations.InnovatorConnection.get_Innovator()
   at Aras.Tools.ArasUpdateCore.Implementations.InnovatorWrapper.GetInstalledLanguages()
   at Aras.Tools.ArasUpdateCore.Helpers.ArasUpdateParameters.CheckingLanguagePacks(InputParameters inputParameters)
   at Aras.Tools.ArasUpdateCore.Helpers.ArasUpdateParameters.LoadingInitialData(InputParameters inputParameters) EXCEPTION STACK TRACE END
2024-02-01 13:44:44,369 [ERROR] (1) - System.ArgumentException: Specified value has invalid Control characters.
Parameter name: value
2024-02-01 13:44:44,369 [ERROR] (1) - System.ArgumentException: Specified value has invalid Control characters.
Parameter name: value
[END LOG] 
[START LOG] 
[END LOG] 
[START LOG] 
2024-02-01 13:48:44,887 [INFO ] (1) - Checking package started: 'C:\ProgramData\Aras\ArasUpdate\PM\14.0.1.169\package.config'
2024-02-01 13:48:45,090 [INFO ] (1) - Checking package finished
2024-02-01 13:48:45,121 [INFO ] (1) - Checking package started: 'C:\ProgramData\Aras\ArasUpdate\PM\14.0.1.169\package.config'
2024-02-01 13:48:45,137 [INFO ] (1) - Checking package finished
2024-02-01 13:48:45,402 [INFO ] (1) - Installation of the package started : 'PM' from 'C:\ProgramData\Aras\ArasUpdate\PM\14.0.1.169' directory
2024-02-01 13:48:45,418 [INFO ] (1) - CompatibilityPackage started
2024-02-01 13:48:45,738 [INFO ] (1) - Checking module 'IS' compatibility.
2024-02-01 13:48:45,832 [INFO ] (1) - LoadFile started
2024-02-01 13:48:45,832 [INFO ] (1) - Loading File : 'C:\Innovator\Innovator\Client\scripts\include\rev.inc'. 
2024-02-01 13:48:45,848 [INFO ] (1) - LoadFile finished
2024-02-01 13:48:45,942 [INFO ] (1) - XmlPeek started
2024-02-01 13:48:45,942 [INFO ] (1) - File path is 'C:\ProgramData\Aras\ArasUpdate\PM\14.0.1.169\compatibility.config'.
2024-02-01 13:48:45,957 [INFO ] (1) - Found '1' node with the XPath expression '//version_set[@name='CompatibleReleases']/******[@version='14.0.9']/@version'.
2024-02-01 13:48:45,957 [INFO ] (1) - XmlPeek finished
2024-02-01 13:48:46,035 [INFO ] (1) - [echo] RevInc.Label = 14.0.9
2024-02-01 13:48:46,035 [INFO ] (1) - Custom started
2024-02-01 13:48:46,051 [INFO ] (1) - Custom check the property : 'Version.Check'. The value : 'true'.
2024-02-01 13:48:46,051 [INFO ] (1) - Custom finished
2024-02-01 13:48:46,051 [INFO ] (1) - CompatibilityPackage finished
2024-02-01 13:48:46,067 [INFO ] (1) - XmlPeek started
2024-02-01 13:48:46,067 [INFO ] (1) - File path is 'C:\Innovator\Innovator\Client\web.config'.
2024-02-01 13:48:46,082 [INFO ] (1) - No matching nodes found for XPath expression '/configuration/cachingModule/@filesRevision'.
2024-02-01 13:48:46,082 [INFO ] (1) - XmlPeek finished
2024-02-01 13:48:46,145 [INFO ] (1) - BackUpChangedCodeTreeToGit started
2024-02-01 13:48:48,838 [INFO ] (1) - BackUpChangedCodeTreeToGit finished
2024-02-01 13:48:48,869 [INFO ] (1) - Installation module (IS) started
2024-02-01 13:48:48,885 [INFO ] (1) - CopyingFile started
2024-02-01 13:48:48,947 [INFO ] (1) - Copying 101 Files to 'C:\Innovator\Innovator\'.
2024-02-01 13:48:48,947 [INFO ] (1) - CopyingFile finished
2024-02-01 13:48:48,963 [INFO ] (1) - XmlPeek started
2024-02-01 13:48:48,963 [INFO ] (1) - File path is 'C:\Innovator\Innovator\Client\web.config'.
2024-02-01 13:48:48,979 [INFO ] (1) - No matching nodes found for XPath expression '/configuration/cachingModule/@filesRevision'.
2024-02-01 13:48:48,979 [INFO ] (1) - XmlPeek finished
2024-02-01 13:48:48,994 [INFO ] (1) - XmlPoke started
2024-02-01 13:48:49,010 [INFO ] (1) - File path is 'C:\Innovator\Innovator\Client\web.config'.
2024-02-01 13:48:49,010 [INFO ] (1) - No matching nodes found for XPath expression '/configuration/cachingModule/@filesRevision'.
2024-02-01 13:48:49,026 [INFO ] (1) - XmlPoke finished
2024-02-01 13:48:49,026 [INFO ] (1) - Validations started
2024-02-01 13:48:49,026 [INFO ] (1) - There is nothing to validate
2024-02-01 13:48:49,041 [INFO ] (1) - Validations finished
2024-02-01 13:48:49,041 [INFO ] (1) - Installation module (IS) finished
2024-02-01 13:48:49,119 [INFO ] (1) - Sending report to the service started
2024-02-01 13:48:49,151 [ERROR] (1) - EXCEPTION STACK TRACE START:    at Aras.Tools.ArasUpdateCore.Implementations.InnovatorWrapper.CreateAndPerformAndDeleteInnovatorMethod(InnovatorMethodItem ******MethodItem)
   at Aras.Tools.ArasUpdateCore.Implementations.LoadDataFromInnovator.GetInnovatorFrameworkKey() EXCEPTION STACK TRACE END
2024-02-01 13:48:49,151 [ERROR] (1) - System.ArgumentException: Specified value has invalid Control characters.
Parameter name: value
2024-02-01 13:48:49,166 [WARN ] (1) - Innovator Framework_Key was not found
2024-02-01 13:48:49,166 [INFO ] (1) - Installation of the package finished
[END LOG] 
[START LOG] 
2024-02-01 13:49:40,099 [INFO ] (1) - Checking package started: 'C:\ProgramData\Aras\ArasUpdate\PM\14.0.1.169\package.config'
2024-02-01 13:49:40,318 [INFO ] (1) - Checking package finished
2024-02-01 13:49:40,318 [ERROR] (1) - The package already exists in the working directory 'C:\ProgramData\Aras/ArasUpdate\PM\14.0.1.169'.
[END LOG] 
[START LOG] 
2024-02-01 13:50:45,631 [ERROR] (1) - Configuration file is missing at path 'C:\ProgramData\Aras\ArasUpdate\PM\package.config'.
[END LOG] 
[START LOG] 
2024-02-01 13:50:52,064 [INFO ] (1) - Checking package started: 'C:\ProgramData\Aras\ArasUpdate\PM\14.0.1.169\package.config'
2024-02-01 13:50:52,267 [INFO ] (1) - Checking package finished
2024-02-01 13:50:52,282 [ERROR] (1) - The package already exists in the working directory 'C:\ProgramData\Aras/ArasUpdate\PM\14.0.1.169'.
[END LOG] 
[START LOG] 
2024-02-01 13:52:50,954 [ERROR] (1) - Directory C:\ProgramData\Aras\ArasUpdate\PM\14.0.1.169 does not exist.
[END LOG] 
[START LOG] 
2024-02-01 13:53:20,600 [ERROR] (1) - Directory C:\ProgramData\Aras\ArasUpdate\PM\14.0.1.169 does not exist.
[END LOG] 
[START LOG] 
[END LOG] 
[START LOG] 
2024-02-01 13:54:09,393 [INFO ] (1) - Decompress Zip finished
2024-02-01 13:54:09,549 [INFO ] (1) - Checking package started: 'C:\ProgramData\Aras/ArasUpdate\PM\14.0.1.169\package.config'
2024-02-01 13:54:09,581 [INFO ] (1) - Checking package finished
2024-02-01 13:54:09,596 [INFO ] (1) - Downloading of package finished
2024-02-01 13:54:09,612 [INFO ] (1) - Checking package started: 'C:\ProgramData\Aras\ArasUpdate\PM\14.0.1.169\package.config'
2024-02-01 13:54:09,628 [INFO ] (1) - Checking package finished
2024-02-01 13:54:09,643 [INFO ] (1) - Checking package started: 'C:\ProgramData\Aras\ArasUpdate\PM\14.0.1.169\package.config'
2024-02-01 13:54:09,659 [INFO ] (1) - Checking package finished
2024-02-01 13:54:09,706 [INFO ] (1) - Installation of the package started : 'PM' from 'C:\ProgramData\Aras\ArasUpdate\PM\14.0.1.169' directory
2024-02-01 13:54:09,721 [INFO ] (1) - CompatibilityPackage started
2024-02-01 13:54:10,034 [INFO ] (1) - Checking module 'IS' compatibility.
2024-02-01 13:54:10,143 [INFO ] (1) - LoadFile started
2024-02-01 13:54:10,143 [INFO ] (1) - Loading File : 'C:\Innovator\Innovator\Client\scripts\include\rev.inc'. 
2024-02-01 13:54:10,159 [INFO ] (1) - LoadFile finished
2024-02-01 13:54:10,237 [INFO ] (1) - XmlPeek started
2024-02-01 13:54:10,237 [INFO ] (1) - File path is 'C:\ProgramData\Aras\ArasUpdate\PM\14.0.1.169\compatibility.config'.
2024-02-01 13:54:10,253 [INFO ] (1) - Found '1' node with the XPath expression '//version_set[@name='CompatibleReleases']/******[@version='14.0.9']/@version'.
2024-02-01 13:54:10,253 [INFO ] (1) - XmlPeek finished
2024-02-01 13:54:10,331 [INFO ] (1) - [echo] RevInc.Label = 14.0.9
2024-02-01 13:54:10,346 [INFO ] (1) - Custom started
2024-02-01 13:54:10,346 [INFO ] (1) - Custom check the property : 'Version.Check'. The value : 'true'.
2024-02-01 13:54:10,362 [INFO ] (1) - Custom finished
2024-02-01 13:54:10,362 [INFO ] (1) - CompatibilityPackage finished
2024-02-01 13:54:10,377 [INFO ] (1) - XmlPeek started
2024-02-01 13:54:10,377 [INFO ] (1) - File path is 'C:\Innovator\Innovator\Client\web.config'.
2024-02-01 13:54:10,393 [INFO ] (1) - No matching nodes found for XPath expression '/configuration/cachingModule/@filesRevision'.
2024-02-01 13:54:10,393 [INFO ] (1) - XmlPeek finished
2024-02-01 13:54:10,471 [INFO ] (1) - BackUpChangedCodeTreeToGit started
2024-02-01 13:54:13,065 [INFO ] (1) - BackUpChangedCodeTreeToGit finished
2024-02-01 13:54:13,096 [INFO ] (1) - Installation module (IS) started
2024-02-01 13:54:13,112 [INFO ] (1) - CopyingFile started
2024-02-01 13:54:13,174 [INFO ] (1) - Copying 101 Files to 'C:\Innovator\Innovator\'.
2024-02-01 13:54:13,174 [INFO ] (1) - CopyingFile finished
2024-02-01 13:54:13,190 [INFO ] (1) - XmlPeek started
2024-02-01 13:54:13,190 [INFO ] (1) - File path is 'C:\Innovator\Innovator\Client\web.config'.
2024-02-01 13:54:13,190 [INFO ] (1) - No matching nodes found for XPath expression '/configuration/cachingModule/@filesRevision'.
2024-02-01 13:54:13,206 [INFO ] (1) - XmlPeek finished
2024-02-01 13:54:13,206 [INFO ] (1) - XmlPoke started
2024-02-01 13:54:13,221 [INFO ] (1) - File path is 'C:\Innovator\Innovator\Client\web.config'.
2024-02-01 13:54:13,221 [INFO ] (1) - No matching nodes found for XPath expression '/configuration/cachingModule/@filesRevision'.
2024-02-01 13:54:13,237 [INFO ] (1) - XmlPoke finished
2024-02-01 13:54:13,237 [INFO ] (1) - Validations started
2024-02-01 13:54:13,237 [INFO ] (1) - There is nothing to validate
2024-02-01 13:54:13,253 [INFO ] (1) - Validations finished
2024-02-01 13:54:13,253 [INFO ] (1) - Installation module (IS) finished
2024-02-01 13:54:13,346 [INFO ] (1) - Sending report to the service started
2024-02-01 13:54:13,378 [ERROR] (1) - EXCEPTION STACK TRACE START:    at Aras.Tools.ArasUpdateCore.Implementations.InnovatorWrapper.CreateAndPerformAndDeleteInnovatorMethod(InnovatorMethodItem ******MethodItem)
   at Aras.Tools.ArasUpdateCore.Implementations.LoadDataFromInnovator.GetInnovatorFrameworkKey() EXCEPTION STACK TRACE END
2024-02-01 13:54:13,393 [ERROR] (1) - System.ArgumentException: Specified value has invalid Control characters.
Parameter name: value
2024-02-01 13:54:13,393 [WARN ] (1) - Innovator Framework_Key was not found
2024-02-01 13:54:13,409 [INFO ] (1) - Installation of the package finished
[END LOG] 
[START LOG] 
2024-02-01 13:55:51,879 [INFO ] (1) - Checking package started: 'C:\ProgramData\Aras\ArasUpdate\PM\14.0.1.169\package.config'
2024-02-01 13:55:52,114 [INFO ] (1) - Checking package finished
2024-02-01 13:55:52,145 [INFO ] (1) - Checking package started: 'C:\ProgramData\Aras\ArasUpdate\PM\14.0.1.169\package.config'
2024-02-01 13:55:52,145 [INFO ] (1) - Checking package finished
2024-02-01 13:55:52,438 [INFO ] (1) - Installation of the package started : 'PM' from 'C:\ProgramData\Aras\ArasUpdate\PM\14.0.1.169' directory
2024-02-01 13:55:52,454 [INFO ] (1) - CompatibilityPackage started
2024-02-01 13:55:52,782 [INFO ] (1) - Checking module 'IS' compatibility.
2024-02-01 13:55:52,891 [INFO ] (1) - LoadFile started
2024-02-01 13:55:52,891 [INFO ] (1) - Loading File : 'C:\Innovator\Innovator\Client\scripts\include\rev.inc'. 
2024-02-01 13:55:52,891 [INFO ] (1) - LoadFile finished
2024-02-01 13:55:52,985 [INFO ] (1) - XmlPeek started
2024-02-01 13:55:52,988 [INFO ] (1) - File path is 'C:\ProgramData\Aras\ArasUpdate\PM\14.0.1.169\compatibility.config'.
2024-02-01 13:55:52,988 [INFO ] (1) - Found '1' node with the XPath expression '//version_set[@name='CompatibleReleases']/******[@version='14.0.9']/@version'.
2024-02-01 13:55:52,988 [INFO ] (1) - XmlPeek finished
2024-02-01 13:55:53,066 [INFO ] (1) - [echo] RevInc.Label = 14.0.9
2024-02-01 13:55:53,066 [INFO ] (1) - Custom started
2024-02-01 13:55:53,081 [INFO ] (1) - Custom check the property : 'Version.Check'. The value : 'true'.
2024-02-01 13:55:53,081 [INFO ] (1) - Custom finished
2024-02-01 13:55:53,081 [INFO ] (1) - CompatibilityPackage finished
2024-02-01 13:55:53,113 [INFO ] (1) - XmlPeek started
2024-02-01 13:55:53,113 [INFO ] (1) - File path is 'C:\Innovator\Innovator\Client\web.config'.
2024-02-01 13:55:53,128 [INFO ] (1) - No matching nodes found for XPath expression '/configuration/cachingModule/@filesRevision'.
2024-02-01 13:55:53,128 [INFO ] (1) - XmlPeek finished
2024-02-01 13:55:53,191 [INFO ] (1) - BackUpChangedCodeTreeToGit started
2024-02-01 13:55:55,785 [INFO ] (1) - BackUpChangedCodeTreeToGit finished
2024-02-01 13:55:55,816 [INFO ] (1) - Installation module (IS) started
2024-02-01 13:55:55,831 [INFO ] (1) - CopyingFile started
2024-02-01 13:55:55,894 [INFO ] (1) - Copying 101 Files to 'C:\Innovator\Innovator\'.
2024-02-01 13:55:55,894 [INFO ] (1) - CopyingFile finished
2024-02-01 13:55:55,910 [INFO ] (1) - XmlPeek started
2024-02-01 13:55:55,925 [INFO ] (1) - File path is 'C:\Innovator\Innovator\Client\web.config'.
2024-02-01 13:55:55,925 [INFO ] (1) - No matching nodes found for XPath expression '/configuration/cachingModule/@filesRevision'.
2024-02-01 13:55:55,925 [INFO ] (1) - XmlPeek finished
2024-02-01 13:55:55,941 [INFO ] (1) - XmlPoke started
2024-02-01 13:55:55,941 [INFO ] (1) - File path is 'C:\Innovator\Innovator\Client\web.config'.
2024-02-01 13:55:55,957 [INFO ] (1) - No matching nodes found for XPath expression '/configuration/cachingModule/@filesRevision'.
2024-02-01 13:55:55,957 [INFO ] (1) - XmlPoke finished
2024-02-01 13:55:55,957 [INFO ] (1) - Validations started
2024-02-01 13:55:55,972 [INFO ] (1) - There is nothing to validate
2024-02-01 13:55:55,972 [INFO ] (1) - Validations finished
2024-02-01 13:55:55,972 [INFO ] (1) - Installation module (IS) finished
2024-02-01 13:55:56,081 [INFO ] (1) - Sending report to the service started
2024-02-01 13:55:56,113 [ERROR] (1) - EXCEPTION STACK TRACE START:    at Aras.Tools.ArasUpdateCore.Implementations.InnovatorWrapper.CreateAndPerformAndDeleteInnovatorMethod(InnovatorMethodItem ******MethodItem)
   at Aras.Tools.ArasUpdateCore.Implementations.LoadDataFromInnovator.GetInnovatorFrameworkKey() EXCEPTION STACK TRACE END
2024-02-01 13:55:56,113 [ERROR] (1) - System.ArgumentException: Specified value has invalid Control characters.
Parameter name: value
2024-02-01 13:55:56,129 [WARN ] (1) - Innovator Framework_Key was not found
2024-02-01 13:55:56,129 [INFO ] (1) - Installation of the package finished
[END LOG] 
[START LOG] 
2024-02-01 13:57:20,097 [INFO ] (1) - Checking package started: 'C:\ProgramData\Aras\ArasUpdate\PM\14.0.1.169\package.config'
2024-02-01 13:57:20,316 [INFO ] (1) - Checking package finished
2024-02-01 13:57:20,347 [INFO ] (1) - Checking package started: 'C:\ProgramData\Aras\ArasUpdate\PM\14.0.1.169\package.config'
2024-02-01 13:57:20,363 [INFO ] (1) - Checking package finished
2024-02-01 13:57:20,410 [INFO ] (1) - Installation of the package started : 'PM' from 'C:\ProgramData\Aras\ArasUpdate\PM\14.0.1.169' directory
2024-02-01 13:57:20,503 [INFO ] (1) - CompatibilityPackage started
2024-02-01 13:57:20,824 [INFO ] (1) - Checking module 'IS' compatibility.
2024-02-01 13:57:20,918 [INFO ] (1) - LoadFile started
2024-02-01 13:57:20,934 [INFO ] (1) - Loading File : 'C:\Innovator\Innovator\Client\scripts\include\rev.inc'. 
2024-02-01 13:57:20,934 [INFO ] (1) - LoadFile finished
2024-02-01 13:57:21,027 [INFO ] (1) - XmlPeek started
2024-02-01 13:57:21,027 [INFO ] (1) - File path is 'C:\ProgramData\Aras\ArasUpdate\PM\14.0.1.169\compatibility.config'.
2024-02-01 13:57:21,027 [INFO ] (1) - Found '1' node with the XPath expression '//version_set[@name='CompatibleReleases']/******[@version='14.0.9']/@version'.
2024-02-01 13:57:21,043 [INFO ] (1) - XmlPeek finished
2024-02-01 13:57:21,112 [INFO ] (1) - [echo] RevInc.Label = 14.0.9
2024-02-01 13:57:21,128 [INFO ] (1) - Custom started
2024-02-01 13:57:21,128 [INFO ] (1) - Custom check the property : 'Version.Check'. The value : 'true'.
2024-02-01 13:57:21,144 [INFO ] (1) - Custom finished
2024-02-01 13:57:21,144 [INFO ] (1) - CompatibilityPackage finished
2024-02-01 13:57:21,175 [INFO ] (1) - XmlPeek started
2024-02-01 13:57:21,175 [INFO ] (1) - File path is 'C:\Innovator\Innovator\Client\web.config'.
2024-02-01 13:57:21,175 [INFO ] (1) - No matching nodes found for XPath expression '/configuration/cachingModule/@filesRevision'.
2024-02-01 13:57:21,190 [INFO ] (1) - XmlPeek finished
2024-02-01 13:57:21,269 [INFO ] (1) - BackUpChangedCodeTreeToGit started
2024-02-01 13:57:24,019 [INFO ] (1) - BackUpChangedCodeTreeToGit finished
2024-02-01 13:57:24,065 [INFO ] (1) - Installation module (IS) started
2024-02-01 13:57:24,081 [INFO ] (1) - CopyingFile started
2024-02-01 13:57:24,153 [INFO ] (1) - Copying 101 Files to 'C:\Innovator\Innovator\'.
2024-02-01 13:57:24,169 [INFO ] (1) - CopyingFile finished
2024-02-01 13:57:24,169 [INFO ] (1) - XmlPeek started
2024-02-01 13:57:24,185 [INFO ] (1) - File path is 'C:\Innovator\Innovator\Client\web.config'.
2024-02-01 13:57:24,185 [INFO ] (1) - No matching nodes found for XPath expression '/configuration/cachingModule/@filesRevision'.
2024-02-01 13:57:24,185 [INFO ] (1) - XmlPeek finished
2024-02-01 13:57:24,200 [INFO ] (1) - XmlPoke started
2024-02-01 13:57:24,200 [INFO ] (1) - File path is 'C:\Innovator\Innovator\Client\web.config'.
2024-02-01 13:57:24,216 [INFO ] (1) - No matching nodes found for XPath expression '/configuration/cachingModule/@filesRevision'.
2024-02-01 13:57:24,216 [INFO ] (1) - XmlPoke finished
2024-02-01 13:57:24,231 [INFO ] (1) - Validations started
2024-02-01 13:57:24,247 [INFO ] (1) - There is nothing to validate
2024-02-01 13:57:24,247 [INFO ] (1) - Validations finished
2024-02-01 13:57:24,247 [INFO ] (1) - Installation module (IS) finished
2024-02-01 13:57:24,341 [INFO ] (1) - Installation of the package finished
[END LOG] 
[START LOG] 
2024-02-01 13:57:46,240 [INFO ] (1) - Checking package started: 'C:\ProgramData\Aras\ArasUpdate\PM\14.0.1.169\package.config'
2024-02-01 13:57:46,475 [INFO ] (1) - Checking package finished
2024-02-01 13:57:46,506 [INFO ] (1) - Checking package started: 'C:\ProgramData\Aras\ArasUpdate\PM\14.0.1.169\package.config'
2024-02-01 13:57:46,506 [INFO ] (1) - Checking package finished
2024-02-01 13:57:46,569 [INFO ] (1) - Installation of the package started : 'PM' from 'C:\ProgramData\Aras\ArasUpdate\PM\14.0.1.169' directory
2024-02-01 13:57:46,584 [INFO ] (1) - CompatibilityPackage started
2024-02-01 13:57:46,898 [INFO ] (1) - Checking module 'IS' compatibility.
2024-02-01 13:57:46,992 [INFO ] (1) - LoadFile started
2024-02-01 13:57:47,008 [INFO ] (1) - Loading File : 'C:\Innovator\Innovator\Client\scripts\include\rev.inc'. 
2024-02-01 13:57:47,008 [INFO ] (1) - LoadFile finished
2024-02-01 13:57:47,102 [INFO ] (1) - XmlPeek started
2024-02-01 13:57:47,102 [INFO ] (1) - File path is 'C:\ProgramData\Aras\ArasUpdate\PM\14.0.1.169\compatibility.config'.
2024-02-01 13:57:47,102 [INFO ] (1) - Found '1' node with the XPath expression '//version_set[@name='CompatibleReleases']/******[@version='14.0.9']/@version'.
2024-02-01 13:57:47,117 [INFO ] (1) - XmlPeek finished
2024-02-01 13:57:47,198 [INFO ] (1) - [echo] RevInc.Label = 14.0.9
2024-02-01 13:57:47,198 [INFO ] (1) - Custom started
2024-02-01 13:57:47,214 [INFO ] (1) - Custom check the property : 'Version.Check'. The value : 'true'.
2024-02-01 13:57:47,214 [INFO ] (1) - Custom finished
2024-02-01 13:57:47,214 [INFO ] (1) - CompatibilityPackage finished
2024-02-01 13:57:47,230 [INFO ] (1) - XmlPeek started
2024-02-01 13:57:47,245 [INFO ] (1) - File path is 'C:\Innovator\Innovator\Client\web.config'.
2024-02-01 13:57:47,245 [INFO ] (1) - No matching nodes found for XPath expression '/configuration/cachingModule/@filesRevision'.
2024-02-01 13:57:47,245 [INFO ] (1) - XmlPeek finished
2024-02-01 13:57:47,308 [INFO ] (1) - BackUpChangedCodeTreeToGit started
2024-02-01 13:57:49,915 [INFO ] (1) - BackUpChangedCodeTreeToGit finished
2024-02-01 13:57:49,930 [INFO ] (1) - Installation module (IS) started
2024-02-01 13:57:49,962 [INFO ] (1) - CopyingFile started
2024-02-01 13:57:50,024 [INFO ] (1) - Copying 101 Files to 'C:\Innovator\Innovator\'.
2024-02-01 13:57:50,040 [INFO ] (1) - CopyingFile finished
2024-02-01 13:57:50,040 [INFO ] (1) - XmlPeek started
2024-02-01 13:57:50,056 [INFO ] (1) - File path is 'C:\Innovator\Innovator\Client\web.config'.
2024-02-01 13:57:50,056 [INFO ] (1) - No matching nodes found for XPath expression '/configuration/cachingModule/@filesRevision'.
2024-02-01 13:57:50,071 [INFO ] (1) - XmlPeek finished
2024-02-01 13:57:50,087 [INFO ] (1) - XmlPoke started
2024-02-01 13:57:50,087 [INFO ] (1) - File path is 'C:\Innovator\Innovator\Client\web.config'.
2024-02-01 13:57:50,102 [INFO ] (1) - No matching nodes found for XPath expression '/configuration/cachingModule/@filesRevision'.
2024-02-01 13:57:50,102 [INFO ] (1) - XmlPoke finished
2024-02-01 13:57:50,118 [INFO ] (1) - Validations started
2024-02-01 13:57:50,118 [INFO ] (1) - There is nothing to validate
2024-02-01 13:57:50,134 [INFO ] (1) - Validations finished
2024-02-01 13:57:50,134 [INFO ] (1) - Installation module (IS) finished
2024-02-01 13:57:50,227 [INFO ] (1) - Installation of the package finished
[END LOG] 
[START LOG] 
2024-02-01 14:00:32,870 [INFO ] (1) - Checking package started: 'C:\ProgramData\Aras\ArasUpdate\PM\14.0.1.169\package.config'
2024-02-01 14:00:33,073 [INFO ] (1) - Checking package finished
2024-02-01 14:00:33,104 [INFO ] (1) - Checking package started: 'C:\ProgramData\Aras\ArasUpdate\PM\14.0.1.169\package.config'
2024-02-01 14:00:33,104 [INFO ] (1) - Checking package finished
2024-02-01 14:00:33,401 [ERROR] (1) - EXCEPTION STACK TRACE START:    at Aras.Tools.ArasUpdateCore.Implementations.InnovatorConnection.get_Innovator()
   at Aras.Tools.ArasUpdateCore.Implementations.InnovatorWrapper.GetInstalledLanguages()
   at Aras.Tools.ArasUpdateCore.Helpers.ArasUpdateParameters.CheckingLanguagePacks(InputParameters inputParameters)
   at Aras.Tools.ArasUpdateCore.Helpers.ArasUpdateParameters.LoadingInitialData(InputParameters inputParameters) EXCEPTION STACK TRACE END
2024-02-01 14:00:33,417 [ERROR] (1) - System.ArgumentException: Specified value has invalid Control characters.
Parameter name: value
2024-02-01 14:00:33,417 [ERROR] (1) - System.ArgumentException: Specified value has invalid Control characters.
Parameter name: value
[END LOG] 
[START LOG] 
[END LOG] 
[START LOG] 
2024-02-01 14:12:39,474 [INFO ] (1) - Checking package started: 'C:\ProgramData\Aras\ArasUpdate\PM\14.0.1.169\package.config'
2024-02-01 14:12:39,677 [INFO ] (1) - Checking package finished
2024-02-01 14:12:39,693 [INFO ] (1) - Checking package started: 'C:\ProgramData\Aras\ArasUpdate\PM\14.0.1.169\package.config'
2024-02-01 14:12:39,708 [INFO ] (1) - Checking package finished
2024-02-01 14:12:39,990 [ERROR] (1) - EXCEPTION STACK TRACE START:    at Aras.Tools.ArasUpdateCore.Implementations.InnovatorConnection.get_Innovator()
   at Aras.Tools.ArasUpdateCore.Implementations.InnovatorWrapper.GetInstalledLanguages()
   at Aras.Tools.ArasUpdateCore.Helpers.ArasUpdateParameters.CheckingLanguagePacks(InputParameters inputParameters)
   at Aras.Tools.ArasUpdateCore.Helpers.ArasUpdateParameters.LoadingInitialData(InputParameters inputParameters) EXCEPTION STACK TRACE END
2024-02-01 14:12:39,990 [ERROR] (1) - System.ArgumentException: Specified value has invalid Control characters.
Parameter name: value
2024-02-01 14:12:39,990 [ERROR] (1) - System.ArgumentException: Specified value has invalid Control characters.
Parameter name: value
[END LOG] 
[START LOG] 
2024-02-01 14:14:21,935 [INFO ] (1) - Checking package started: 'C:\ProgramData\Aras\ArasUpdate\PM\14.0.1.169\package.config'
2024-02-01 14:14:22,185 [INFO ] (1) - Checking package finished
2024-02-01 14:14:22,216 [INFO ] (1) - Checking package started: 'C:\ProgramData\Aras\ArasUpdate\PM\14.0.1.169\package.config'
2024-02-01 14:14:22,232 [INFO ] (1) - Checking package finished
2024-02-01 14:14:22,497 [ERROR] (1) - EXCEPTION STACK TRACE START:    at Aras.Tools.ArasUpdateCore.Implementations.InnovatorConnection.get_Innovator()
   at Aras.Tools.ArasUpdateCore.Implementations.InnovatorWrapper.GetInstalledLanguages()
   at Aras.Tools.ArasUpdateCore.Helpers.ArasUpdateParameters.CheckingLanguagePacks(InputParameters inputParameters)
   at Aras.Tools.ArasUpdateCore.Helpers.ArasUpdateParameters.LoadingInitialData(InputParameters inputParameters) EXCEPTION STACK TRACE END
2024-02-01 14:14:22,497 [ERROR] (1) - System.ArgumentException: Specified value has invalid Control characters.
Parameter name: value
2024-02-01 14:14:22,497 [ERROR] (1) - System.ArgumentException: Specified value has invalid Control characters.
Parameter name: value
[END LOG] 
[START LOG] 
2024-02-01 14:14:45,698 [INFO ] (1) - Checking package started: 'C:\ProgramData\Aras\ArasUpdate\PM\14.0.1.169\package.config'
2024-02-01 14:14:45,917 [INFO ] (1) - Checking package finished
2024-02-01 14:14:45,932 [INFO ] (1) - Checking package started: 'C:\ProgramData\Aras\ArasUpdate\PM\14.0.1.169\package.config'
2024-02-01 14:14:45,948 [INFO ] (1) - Checking package finished
2024-02-01 14:14:46,229 [ERROR] (1) - EXCEPTION STACK TRACE START:    at Aras.Tools.ArasUpdateCore.Implementations.InnovatorConnection.get_Innovator()
   at Aras.Tools.ArasUpdateCore.Implementations.InnovatorWrapper.GetInstalledLanguages()
   at Aras.Tools.ArasUpdateCore.Helpers.ArasUpdateParameters.CheckingLanguagePacks(InputParameters inputParameters)
   at Aras.Tools.ArasUpdateCore.Helpers.ArasUpdateParameters.LoadingInitialData(InputParameters inputParameters) EXCEPTION STACK TRACE END
2024-02-01 14:14:46,229 [ERROR] (1) - System.ArgumentException: Specified value has invalid Control characters.
Parameter name: value
2024-02-01 14:14:46,229 [ERROR] (1) - System.ArgumentException: Specified value has invalid Control characters.
Parameter name: value
[END LOG] 
[START LOG] 
2024-02-01 14:15:04,092 [INFO ] (1) - Checking package started: 'C:\ProgramData\Aras\ArasUpdate\PM\14.0.1.169\package.config'
2024-02-01 14:15:04,295 [INFO ] (1) - Checking package finished
2024-02-01 14:15:04,327 [INFO ] (1) - Checking package started: 'C:\ProgramData\Aras\ArasUpdate\PM\14.0.1.169\package.config'
2024-02-01 14:15:04,342 [INFO ] (1) - Checking package finished
2024-02-01 14:15:04,608 [ERROR] (1) - EXCEPTION STACK TRACE START:    at Aras.Tools.ArasUpdateCore.Implementations.InnovatorConnection.get_Innovator()
   at Aras.Tools.ArasUpdateCore.Implementations.InnovatorWrapper.GetInstalledLanguages()
   at Aras.Tools.ArasUpdateCore.Helpers.ArasUpdateParameters.CheckingLanguagePacks(InputParameters inputParameters)
   at Aras.Tools.ArasUpdateCore.Helpers.ArasUpdateParameters.LoadingInitialData(InputParameters inputParameters) EXCEPTION STACK TRACE END
2024-02-01 14:15:04,608 [ERROR] (1) - System.ArgumentException: Specified value has invalid Control characters.
Parameter name: value
2024-02-01 14:15:04,608 [ERROR] (1) - System.ArgumentException: Specified value has invalid Control characters.
Parameter name: value
[END LOG] 
[START LOG] 
2024-02-01 14:15:26,241 [INFO ] (1) - Checking package started: 'C:\ProgramData\Aras\ArasUpdate\PM\14.0.1.169\package.config'
2024-02-01 14:15:26,460 [INFO ] (1) - Checking package finished
2024-02-01 14:15:26,491 [INFO ] (1) - Checking package started: 'C:\ProgramData\Aras\ArasUpdate\PM\14.0.1.169\package.config'
2024-02-01 14:15:26,507 [INFO ] (1) - Checking package finished
2024-02-01 14:15:26,813 [ERROR] (1) - EXCEPTION STACK TRACE START:    at Aras.Tools.ArasUpdateCore.Implementations.InnovatorConnection.get_Innovator()
   at Aras.Tools.ArasUpdateCore.Implementations.InnovatorWrapper.GetInstalledLanguages()
   at Aras.Tools.ArasUpdateCore.Helpers.ArasUpdateParameters.CheckingLanguagePacks(InputParameters inputParameters)
   at Aras.Tools.ArasUpdateCore.Helpers.ArasUpdateParameters.LoadingInitialData(InputParameters inputParameters) EXCEPTION STACK TRACE END
2024-02-01 14:15:26,813 [ERROR] (1) - System.ArgumentException: Specified value has invalid Control characters.
Parameter name: value
2024-02-01 14:15:26,813 [ERROR] (1) - System.ArgumentException: Specified value has invalid Control characters.
Parameter name: value
[END LOG] 
[START LOG] 
2024-02-01 14:15:49,523 [INFO ] (1) - Checking package started: 'C:\ProgramData\Aras\ArasUpdate\PM\14.0.1.169\package.config'
2024-02-01 14:15:49,726 [INFO ] (1) - Checking package finished
2024-02-01 14:15:49,757 [INFO ] (1) - Checking package started: 'C:\ProgramData\Aras\ArasUpdate\PM\14.0.1.169\package.config'
2024-02-01 14:15:49,757 [INFO ] (1) - Checking package finished
2024-02-01 14:15:50,038 [ERROR] (1) - EXCEPTION STACK TRACE START:    at Aras.Tools.ArasUpdateCore.Implementations.InnovatorConnection.get_Innovator()
   at Aras.Tools.ArasUpdateCore.Implementations.InnovatorWrapper.GetInstalledLanguages()
   at Aras.Tools.ArasUpdateCore.Helpers.ArasUpdateParameters.CheckingLanguagePacks(InputParameters inputParameters)
   at Aras.Tools.ArasUpdateCore.Helpers.ArasUpdateParameters.LoadingInitialData(InputParameters inputParameters) EXCEPTION STACK TRACE END
2024-02-01 14:15:50,038 [ERROR] (1) - System.ArgumentException: Specified value has invalid Control characters.
Parameter name: value
2024-02-01 14:15:50,038 [ERROR] (1) - System.ArgumentException: Specified value has invalid Control characters.
Parameter name: value
[END LOG] 
[START LOG] 
2024-02-01 14:17:27,212 [INFO ] (1) - Checking package started: 'C:\ProgramData\Aras\ArasUpdate\PM\14.0.1.169\package.config'
2024-02-01 14:17:27,447 [INFO ] (1) - Checking package finished
2024-02-01 14:17:27,478 [INFO ] (1) - Checking package started: 'C:\ProgramData\Aras\ArasUpdate\PM\14.0.1.169\package.config'
2024-02-01 14:17:27,494 [INFO ] (1) - Checking package finished
2024-02-01 14:17:27,775 [ERROR] (1) - EXCEPTION STACK TRACE START:    at Aras.Tools.ArasUpdateCore.Implementations.InnovatorConnection.get_Innovator()
   at Aras.Tools.ArasUpdateCore.Implementations.InnovatorWrapper.GetInstalledLanguages()
   at Aras.Tools.ArasUpdateCore.Helpers.ArasUpdateParameters.CheckingLanguagePacks(InputParameters inputParameters)
   at Aras.Tools.ArasUpdateCore.Helpers.ArasUpdateParameters.LoadingInitialData(InputParameters inputParameters) EXCEPTION STACK TRACE END
2024-02-01 14:17:27,775 [ERROR] (1) - System.ArgumentException: Specified value has invalid Control characters.
Parameter name: value
2024-02-01 14:17:27,775 [ERROR] (1) - System.ArgumentException: Specified value has invalid Control characters.
Parameter name: value
[END LOG] 
[START LOG] 
2024-02-01 14:18:57,189 [INFO ] (1) - Checking package started: 'C:\ProgramData\Aras\ArasUpdate\PM\14.0.1.169\package.config'
2024-02-01 14:18:57,408 [INFO ] (1) - Checking package finished
2024-02-01 14:18:57,439 [INFO ] (1) - Checking package started: 'C:\ProgramData\Aras\ArasUpdate\PM\14.0.1.169\package.config'
2024-02-01 14:18:57,455 [INFO ] (1) - Checking package finished
2024-02-01 14:18:57,705 [ERROR] (1) - EXCEPTION STACK TRACE START:    at Aras.Tools.ArasUpdateCore.Implementations.InnovatorConnection.get_Innovator()
   at Aras.Tools.ArasUpdateCore.Implementations.InnovatorWrapper.GetInstalledLanguages()
   at Aras.Tools.ArasUpdateCore.Helpers.ArasUpdateParameters.CheckingLanguagePacks(InputParameters inputParameters)
   at Aras.Tools.ArasUpdateCore.Helpers.ArasUpdateParameters.LoadingInitialData(InputParameters inputParameters) EXCEPTION STACK TRACE END
2024-02-01 14:18:57,705 [ERROR] (1) - System.ArgumentException: Specified value has invalid Control characters.
Parameter name: value
2024-02-01 14:18:57,705 [ERROR] (1) - System.ArgumentException: Specified value has invalid Control characters.
Parameter name: value
[END LOG] 
[START LOG] 
2024-02-01 14:20:35,774 [INFO ] (1) - Checking package started: 'C:\ProgramData\Aras\ArasUpdate\PM\14.0.1.169\package.config'
2024-02-01 14:20:36,008 [INFO ] (1) - Checking package finished
2024-02-01 14:20:36,039 [INFO ] (1) - Checking package started: 'C:\ProgramData\Aras\ArasUpdate\PM\14.0.1.169\package.config'
2024-02-01 14:20:36,039 [INFO ] (1) - Checking package finished
2024-02-01 14:20:36,321 [ERROR] (1) - EXCEPTION STACK TRACE START:    at Aras.Tools.ArasUpdateCore.Implementations.InnovatorConnection.get_Innovator()
   at Aras.Tools.ArasUpdateCore.Implementations.InnovatorWrapper.GetInstalledLanguages()
   at Aras.Tools.ArasUpdateCore.Helpers.ArasUpdateParameters.CheckingLanguagePacks(InputParameters inputParameters)
   at Aras.Tools.ArasUpdateCore.Helpers.ArasUpdateParameters.LoadingInitialData(InputParameters inputParameters) EXCEPTION STACK TRACE END
2024-02-01 14:20:36,321 [ERROR] (1) - System.ArgumentException: Specified value has invalid Control characters.
Parameter name: value
2024-02-01 14:20:36,321 [ERROR] (1) - System.ArgumentException: Specified value has invalid Control characters.
Parameter name: value
[END LOG] 
[START LOG] 
2024-02-01 14:21:22,941 [INFO ] (1) - Checking package started: 'C:\ProgramData\Aras\ArasUpdate\PM\14.0.1.169\package.config'
2024-02-01 14:21:23,144 [INFO ] (1) - Checking package finished
2024-02-01 14:21:23,176 [INFO ] (1) - Checking package started: 'C:\ProgramData\Aras\ArasUpdate\PM\14.0.1.169\package.config'
2024-02-01 14:21:23,191 [INFO ] (1) - Checking package finished
2024-02-01 14:21:23,394 [ERROR] (1) - EXCEPTION STACK TRACE START:    at Aras.Tools.ArasUpdateCore.Implementations.InnovatorConnection.get_Innovator()
   at Aras.Tools.ArasUpdateCore.Implementations.InnovatorWrapper.GetInstalledLanguages()
   at Aras.Tools.ArasUpdateCore.Helpers.ArasUpdateParameters.CheckingLanguagePacks(InputParameters inputParameters)
   at Aras.Tools.ArasUpdateCore.Helpers.ArasUpdateParameters.LoadingInitialData(InputParameters inputParameters) EXCEPTION STACK TRACE END
2024-02-01 14:21:23,394 [ERROR] (1) - System.ArgumentException: Specified value has invalid Control characters.
Parameter name: value
2024-02-01 14:21:23,394 [ERROR] (1) - System.ArgumentException: Specified value has invalid Control characters.
Parameter name: value
[END LOG] 
[START LOG] 
2024-02-01 14:22:53,081 [INFO ] (1) - Checking package started: 'C:\ProgramData\Aras\ArasUpdate\PM\14.0.1.169\package.config'
2024-02-01 14:22:53,284 [INFO ] (1) - Checking package finished
2024-02-01 14:22:53,315 [INFO ] (1) - Checking package started: 'C:\ProgramData\Aras\ArasUpdate\PM\14.0.1.169\package.config'
2024-02-01 14:22:53,315 [INFO ] (1) - Checking package finished
2024-02-01 14:22:53,502 [ERROR] (1) - EXCEPTION STACK TRACE START:    at Aras.Tools.ArasUpdateCore.Implementations.InnovatorConnection.get_Innovator()
   at Aras.Tools.ArasUpdateCore.Implementations.InnovatorWrapper.GetInstalledLanguages()
   at Aras.Tools.ArasUpdateCore.Helpers.ArasUpdateParameters.CheckingLanguagePacks(InputParameters inputParameters)
   at Aras.Tools.ArasUpdateCore.Helpers.ArasUpdateParameters.LoadingInitialData(InputParameters inputParameters) EXCEPTION STACK TRACE END
2024-02-01 14:22:53,518 [ERROR] (1) - System.ArgumentException: Specified value has invalid Control characters.
Parameter name: value
2024-02-01 14:22:53,518 [ERROR] (1) - System.ArgumentException: Specified value has invalid Control characters.
Parameter name: value
[END LOG] 
[START LOG] 
2024-02-01 14:25:01,285 [INFO ] (1) - Checking package started: 'C:\ProgramData\Aras\ArasUpdate\PM\14.0.1.169\package.config'
2024-02-01 14:25:01,488 [INFO ] (1) - Checking package finished
2024-02-01 14:25:01,519 [INFO ] (1) - Checking package started: 'C:\ProgramData\Aras\ArasUpdate\PM\14.0.1.169\package.config'
2024-02-01 14:25:01,535 [INFO ] (1) - Checking package finished
2024-02-01 14:25:01,769 [ERROR] (1) - EXCEPTION STACK TRACE START:    at Aras.Tools.ArasUpdateCore.Implementations.InnovatorConnection.get_Innovator()
   at Aras.Tools.ArasUpdateCore.Implementations.InnovatorWrapper.GetInstalledLanguages()
   at Aras.Tools.ArasUpdateCore.Helpers.ArasUpdateParameters.CheckingLanguagePacks(InputParameters inputParameters)
   at Aras.Tools.ArasUpdateCore.Helpers.ArasUpdateParameters.LoadingInitialData(InputParameters inputParameters) EXCEPTION STACK TRACE END
2024-02-01 14:25:01,769 [ERROR] (1) - System.ArgumentException: Specified value has invalid Control characters.
Parameter name: value
2024-02-01 14:25:01,769 [ERROR] (1) - System.ArgumentException: Specified value has invalid Control characters.
Parameter name: value
[END LOG] 
[START LOG] 
2024-02-01 14:26:00,110 [INFO ] (1) - Checking package started: 'C:\ProgramData\Aras\ArasUpdate\PM\14.0.1.169\package.config'
2024-02-01 14:26:00,328 [INFO ] (1) - Checking package finished
2024-02-01 14:26:00,344 [INFO ] (1) - Checking package started: 'C:\ProgramData\Aras\ArasUpdate\PM\14.0.1.169\package.config'
2024-02-01 14:26:00,360 [INFO ] (1) - Checking package finished
2024-02-01 14:26:00,610 [ERROR] (1) - EXCEPTION STACK TRACE START:    at Aras.Tools.ArasUpdateCore.Implementations.InnovatorConnection.get_Innovator()
   at Aras.Tools.ArasUpdateCore.Implementations.InnovatorWrapper.GetInstalledLanguages()
   at Aras.Tools.ArasUpdateCore.Helpers.ArasUpdateParameters.CheckingLanguagePacks(InputParameters inputParameters)
   at Aras.Tools.ArasUpdateCore.Helpers.ArasUpdateParameters.LoadingInitialData(InputParameters inputParameters) EXCEPTION STACK TRACE END
2024-02-01 14:26:00,610 [ERROR] (1) - System.ArgumentException: Specified value has invalid Control characters.
Parameter name: value
2024-02-01 14:26:00,610 [ERROR] (1) - System.ArgumentException: Specified value has invalid Control characters.
Parameter name: value
[END LOG] 
[START LOG] 
2024-02-01 14:28:20,164 [INFO ] (1) - Checking package started: 'C:\ProgramData\Aras\ArasUpdate\PM\14.0.1.169\package.config'
2024-02-01 14:28:20,414 [INFO ] (1) - Checking package finished
2024-02-01 14:28:20,445 [INFO ] (1) - Checking package started: 'C:\ProgramData\Aras\ArasUpdate\PM\14.0.1.169\package.config'
2024-02-01 14:28:20,461 [INFO ] (1) - Checking package finished
2024-02-01 14:28:20,789 [ERROR] (1) - EXCEPTION STACK TRACE START:    at Aras.Tools.ArasUpdateCore.Implementations.InnovatorConnection.get_Innovator()
   at Aras.Tools.ArasUpdateCore.Implementations.InnovatorWrapper.GetInstalledLanguages()
   at Aras.Tools.ArasUpdateCore.Helpers.ArasUpdateParameters.CheckingLanguagePacks(InputParameters inputParameters)
   at Aras.Tools.ArasUpdateCore.Helpers.ArasUpdateParameters.LoadingInitialData(InputParameters inputParameters) EXCEPTION STACK TRACE END
2024-02-01 14:28:20,789 [ERROR] (1) - System.ArgumentException: Specified value has invalid Control characters.
Parameter name: value
2024-02-01 14:28:20,789 [ERROR] (1) - System.ArgumentException: Specified value has invalid Control characters.
Parameter name: value
[END LOG] 
[START LOG] 
2024-02-01 14:39:50,972 [INFO ] (1) - Decompress Zip finished
2024-02-01 14:39:51,159 [INFO ] (1) - Checking package started: 'C:\ProgramData\Aras/ArasUpdate\PM\14.0.1.169\package.config'
2024-02-01 14:39:51,190 [INFO ] (1) - Checking package finished
2024-02-01 14:39:51,190 [INFO ] (1) - Downloading of package finished
2024-02-01 14:39:51,206 [INFO ] (1) - Checking package started: 'C:\ProgramData\Aras\ArasUpdate\PM\14.0.1.169\package.config'
2024-02-01 14:39:51,222 [INFO ] (1) - Checking package finished
2024-02-01 14:39:51,237 [INFO ] (1) - Checking package started: 'C:\ProgramData\Aras\ArasUpdate\PM\14.0.1.169\package.config'
2024-02-01 14:39:51,237 [INFO ] (1) - Checking package finished
2024-02-01 14:39:51,346 [ERROR] (1) - EXCEPTION STACK TRACE START:    at Aras.Tools.ArasUpdateCore.Implementations.InnovatorConnection.get_Innovator()
   at Aras.Tools.ArasUpdateCore.Implementations.InnovatorWrapper.GetInstalledLanguages()
   at Aras.Tools.ArasUpdateCore.Helpers.ArasUpdateParameters.CheckingLanguagePacks(InputParameters inputParameters)
   at Aras.Tools.ArasUpdateCore.Helpers.ArasUpdateParameters.LoadingInitialData(InputParameters inputParameters) EXCEPTION STACK TRACE END
2024-02-01 14:39:51,362 [ERROR] (1) - System.ArgumentException: Specified value has invalid Control characters.
Parameter name: value
2024-02-01 14:39:51,362 [ERROR] (1) - System.ArgumentException: Specified value has invalid Control characters.
Parameter name: value
[END LOG] 
[START LOG] 
2024-02-01 14:50:34,091 [INFO ] (1) - Checking package started: 'C:\ProgramData\Aras\ArasUpdate\PM\14.0.1.169\package.config'
2024-02-01 14:50:34,576 [INFO ] (1) - Checking package finished
2024-02-01 14:50:34,716 [INFO ] (1) - Checking package started: 'C:\ProgramData\Aras\ArasUpdate\PM\14.0.1.169\package.config'
2024-02-01 14:50:34,779 [INFO ] (1) - Checking package finished
2024-02-01 14:50:34,950 [INFO ] (1) - Installation of the package started : 'PM' from 'C:\ProgramData\Aras\ArasUpdate\PM\14.0.1.169' directory
2024-02-01 14:50:34,997 [INFO ] (1) - CompatibilityPackage started
2024-02-01 14:50:35,607 [INFO ] (1) - Checking module 'IS' compatibility.
2024-02-01 14:50:35,794 [INFO ] (1) - LoadFile started
2024-02-01 14:50:35,825 [INFO ] (1) - Loading File : 'C:\Innovator\Innovator\Client\scripts\include\rev.inc'. 
2024-02-01 14:50:35,872 [INFO ] (1) - LoadFile finished
2024-02-01 14:50:36,060 [INFO ] (1) - XmlPeek started
2024-02-01 14:50:36,075 [INFO ] (1) - File path is 'C:\ProgramData\Aras\ArasUpdate\PM\14.0.1.169\compatibility.config'.
2024-02-01 14:50:36,107 [INFO ] (1) - Found '1' node with the XPath expression '//version_set[@name='CompatibleReleases']/innovator[@version='14.0.9']/@version'.
2024-02-01 14:50:36,122 [INFO ] (1) - XmlPeek finished
2024-02-01 14:50:36,341 [INFO ] (1) - [echo] RevInc.Label = 14.0.9
2024-02-01 14:50:36,357 [INFO ] (1) - Custom started
2024-02-01 14:50:36,419 [INFO ] (1) - Custom check the property : 'Version.Check'. The value : 'true'.
2024-02-01 14:50:36,450 [INFO ] (1) - Custom finished
2024-02-01 14:50:36,497 [INFO ] (1) - CompatibilityPackage finished
2024-02-01 14:50:36,607 [INFO ] (1) - XmlPeek started
2024-02-01 14:50:36,638 [INFO ] (1) - File path is 'C:\Innovator\Innovator\Client\web.config'.
2024-02-01 14:50:36,685 [INFO ] (1) - No matching nodes found for XPath expression '/configuration/cachingModule/@filesRevision'.
2024-02-01 14:50:36,716 [INFO ] (1) - XmlPeek finished
2024-02-01 14:50:37,029 [INFO ] (1) - BackUpChangedCodeTreeToGit started
2024-02-01 14:50:37,607 [INFO ] (1) - BackUpChangedCodeTreeToGit finished
2024-02-01 14:50:37,748 [INFO ] (1) - Installation module (IS) started
2024-02-01 14:50:37,826 [INFO ] (1) - CopyingFile started
2024-02-01 14:50:38,093 [INFO ] (1) - Copying 101 Files to 'C:\Innovator\Innovator\'.
2024-02-01 14:50:38,185 [INFO ] (1) - CopyingFile finished
2024-02-01 14:50:38,247 [INFO ] (1) - XmlPeek started
2024-02-01 14:50:38,294 [INFO ] (1) - File path is 'C:\Innovator\Innovator\Client\web.config'.
2024-02-01 14:50:38,372 [INFO ] (1) - No matching nodes found for XPath expression '/configuration/cachingModule/@filesRevision'.
2024-02-01 14:50:38,482 [INFO ] (1) - XmlPeek finished
2024-02-01 14:50:38,544 [INFO ] (1) - XmlPoke started
2024-02-01 14:50:38,575 [INFO ] (1) - File path is 'C:\Innovator\Innovator\Client\web.config'.
2024-02-01 14:50:38,654 [INFO ] (1) - No matching nodes found for XPath expression '/configuration/cachingModule/@filesRevision'.
2024-02-01 14:50:38,685 [INFO ] (1) - XmlPoke finished
2024-02-01 14:50:38,732 [INFO ] (1) - Validations started
2024-02-01 14:50:38,763 [INFO ] (1) - There is nothing to validate
2024-02-01 14:50:38,826 [INFO ] (1) - Validations finished
2024-02-01 14:50:38,872 [INFO ] (1) - Installation module (IS) finished
2024-02-01 14:50:39,013 [INFO ] (1) - Installation of the package finished
[END LOG] 
[START LOG] 
2024-02-01 15:15:51,715 [INFO ] (1) - Decompress Zip finished
2024-02-01 15:15:51,941 [INFO ] (1) - Checking package started: 'C:\ProgramData\Aras/ArasUpdate\PM\14.0.1.169\package.config'
2024-02-01 15:15:51,956 [INFO ] (1) - Checking package finished
2024-02-01 15:15:51,972 [INFO ] (1) - Downloading of package finished
2024-02-01 15:15:51,988 [INFO ] (1) - Checking package started: 'C:\ProgramData\Aras\ArasUpdate\PM\14.0.1.169\package.config'
2024-02-01 15:15:52,003 [INFO ] (1) - Checking package finished
2024-02-01 15:15:52,019 [INFO ] (1) - Checking package started: 'C:\ProgramData\Aras\ArasUpdate\PM\14.0.1.169\package.config'
2024-02-01 15:15:52,019 [INFO ] (1) - Checking package finished
2024-02-01 15:15:52,097 [ERROR] (1) - EXCEPTION STACK TRACE START:    at Aras.Tools.ArasUpdateCore.Implementations.InnovatorConnection.get_Innovator()
   at Aras.Tools.ArasUpdateCore.Implementations.InnovatorWrapper.GetInstalledLanguages()
   at Aras.Tools.ArasUpdateCore.Helpers.ArasUpdateParameters.CheckingLanguagePacks(InputParameters inputParameters)
   at Aras.Tools.ArasUpdateCore.Helpers.ArasUpdateParameters.LoadingInitialData(InputParameters inputParameters) EXCEPTION STACK TRACE END
2024-02-01 15:15:52,097 [ERROR] (1) - System.Net.Http.HttpRequestException: An error occurred while sending the request.
2024-02-01 15:15:52,113 [ERROR] (1) - System.Net.Http.HttpRequestException: An error occurred while sending the request.
[END LOG] 
[START LOG] 
2024-02-01 15:16:57,674 [INFO ] (1) - Checking package started: 'C:\ProgramData\Aras\ArasUpdate\PM\14.0.1.169\package.config'
2024-02-01 15:16:57,877 [INFO ] (1) - Checking package finished
2024-02-01 15:16:57,908 [INFO ] (1) - Checking package started: 'C:\ProgramData\Aras\ArasUpdate\PM\14.0.1.169\package.config'
2024-02-01 15:16:57,924 [INFO ] (1) - Checking package finished
2024-02-01 15:16:57,986 [INFO ] (1) - Installation of the package started : 'PM' from 'C:\ProgramData\Aras\ArasUpdate\PM\14.0.1.169' directory
2024-02-01 15:16:58,018 [INFO ] (1) - CompatibilityPackage started
2024-02-01 15:16:58,327 [INFO ] (1) - Checking module 'IS' compatibility.
2024-02-01 15:16:58,436 [INFO ] (1) - LoadFile started
2024-02-01 15:16:58,452 [INFO ] (1) - Loading File : 'C:\Innovator\Innovator\Client\scripts\include\rev.inc'. 
2024-02-01 15:16:58,467 [INFO ] (1) - LoadFile finished
2024-02-01 15:16:58,546 [INFO ] (1) - XmlPeek started
2024-02-01 15:16:58,561 [INFO ] (1) - File path is 'C:\ProgramData\Aras\ArasUpdate\PM\14.0.1.169\compatibility.config'.
2024-02-01 15:16:58,561 [INFO ] (1) - Found '1' node with the XPath expression '//version_set[@name='CompatibleReleases']/innovator[@version='14.0.9']/@version'.
2024-02-01 15:16:58,561 [INFO ] (1) - XmlPeek finished
2024-02-01 15:16:58,655 [INFO ] (1) - [echo] RevInc.Label = 14.0.9
2024-02-01 15:16:58,671 [INFO ] (1) - Custom started
2024-02-01 15:16:58,671 [INFO ] (1) - Custom check the property : 'Version.Check'. The value : 'true'.
2024-02-01 15:16:58,671 [INFO ] (1) - Custom finished
2024-02-01 15:16:58,686 [INFO ] (1) - CompatibilityPackage finished
2024-02-01 15:16:58,702 [INFO ] (1) - XmlPeek started
2024-02-01 15:16:58,718 [INFO ] (1) - File path is 'C:\Innovator\Innovator\Client\web.config'.
2024-02-01 15:16:58,718 [INFO ] (1) - No matching nodes found for XPath expression '/configuration/cachingModule/@filesRevision'.
2024-02-01 15:16:58,733 [INFO ] (1) - XmlPeek finished
2024-02-01 15:16:58,796 [INFO ] (1) - BackUpChangedCodeTreeToGit started
2024-02-01 15:16:58,984 [INFO ] (1) - BackUpChangedCodeTreeToGit finished
2024-02-01 15:16:59,015 [INFO ] (1) - Installation module (IS) started
2024-02-01 15:16:59,031 [INFO ] (1) - CopyingFile started
2024-02-01 15:16:59,109 [INFO ] (1) - Copying 101 Files to 'C:\Innovator\Innovator\'.
2024-02-01 15:16:59,109 [INFO ] (1) - CopyingFile finished
2024-02-01 15:16:59,125 [INFO ] (1) - XmlPeek started
2024-02-01 15:16:59,140 [INFO ] (1) - File path is 'C:\Innovator\Innovator\Client\web.config'.
2024-02-01 15:16:59,140 [INFO ] (1) - No matching nodes found for XPath expression '/configuration/cachingModule/@filesRevision'.
2024-02-01 15:16:59,156 [INFO ] (1) - XmlPeek finished
2024-02-01 15:16:59,171 [INFO ] (1) - XmlPoke started
2024-02-01 15:16:59,187 [INFO ] (1) - File path is 'C:\Innovator\Innovator\Client\web.config'.
2024-02-01 15:16:59,187 [INFO ] (1) - No matching nodes found for XPath expression '/configuration/cachingModule/@filesRevision'.
2024-02-01 15:16:59,203 [INFO ] (1) - XmlPoke finished
2024-02-01 15:16:59,203 [INFO ] (1) - Validations started
2024-02-01 15:16:59,218 [INFO ] (1) - There is nothing to validate
2024-02-01 15:16:59,218 [INFO ] (1) - Validations finished
2024-02-01 15:16:59,234 [INFO ] (1) - Installation module (IS) finished
2024-02-01 15:16:59,265 [INFO ] (1) - Installation of the package finished
[END LOG] 
[START LOG] 
2024-02-01 15:17:27,600 [INFO ] (1) - Checking package started: 'C:\ProgramData\Aras\ArasUpdate\PM\14.0.1.169\package.config'
2024-02-01 15:17:27,819 [INFO ] (1) - Checking package finished
2024-02-01 15:17:27,850 [INFO ] (1) - Checking package started: 'C:\ProgramData\Aras\ArasUpdate\PM\14.0.1.169\package.config'
2024-02-01 15:17:27,866 [INFO ] (1) - Checking package finished
2024-02-01 15:17:28,053 [ERROR] (1) - EXCEPTION STACK TRACE START:    at Aras.Tools.ArasUpdateCore.Implementations.InnovatorConnection.get_Innovator()
   at Aras.Tools.ArasUpdateCore.Implementations.InnovatorWrapper.GetInstalledLanguages()
   at Aras.Tools.ArasUpdateCore.Helpers.ArasUpdateParameters.CheckingLanguagePacks(InputParameters inputParameters)
   at Aras.Tools.ArasUpdateCore.Helpers.ArasUpdateParameters.LoadingInitialData(InputParameters inputParameters) EXCEPTION STACK TRACE END
2024-02-01 15:17:28,053 [ERROR] (1) - System.Net.Http.HttpRequestException: An error occurred while sending the request.
2024-02-01 15:17:28,053 [ERROR] (1) - System.Net.Http.HttpRequestException: An error occurred while sending the request.
[END LOG] 
[START LOG] 
2024-02-01 15:43:27,893 [INFO ] (1) - Decompress Zip finished
2024-02-01 15:43:28,097 [INFO ] (1) - Checking package started: 'C:\ProgramData\Aras/ArasUpdate\PM\14.0.1.169\package.config'
2024-02-01 15:43:28,143 [INFO ] (1) - Checking package finished
2024-02-01 15:43:28,159 [INFO ] (1) - Downloading of package finished
2024-02-01 15:43:28,175 [INFO ] (1) - Checking package started: 'C:\ProgramData\Aras\ArasUpdate\PM\14.0.1.169\package.config'
2024-02-01 15:43:28,190 [INFO ] (1) - Checking package finished
2024-02-01 15:43:28,206 [INFO ] (1) - Checking package started: 'C:\ProgramData\Aras\ArasUpdate\PM\14.0.1.169\package.config'
2024-02-01 15:43:28,222 [INFO ] (1) - Checking package finished
2024-02-01 15:43:28,253 [INFO ] (1) - Installation of the package started : 'PM' from 'C:\ProgramData\Aras\ArasUpdate\PM\14.0.1.169' directory
2024-02-01 15:43:28,268 [INFO ] (1) - CompatibilityPackage started
2024-02-01 15:43:28,722 [INFO ] (1) - Checking module 'IS' compatibility.
2024-02-01 15:43:28,831 [INFO ] (1) - LoadFile started
2024-02-01 15:43:28,847 [INFO ] (1) - Loading File : 'C:\Innovator\Innovator\Client\scripts\include\rev.inc'. 
2024-02-01 15:43:28,847 [INFO ] (1) - LoadFile finished
2024-02-01 15:43:28,909 [INFO ] (1) - XmlPeek started
2024-02-01 15:43:28,925 [INFO ] (1) - File path is 'C:\ProgramData\Aras\ArasUpdate\PM\14.0.1.169\compatibility.config'.
2024-02-01 15:43:28,925 [INFO ] (1) - Found '1' node with the XPath expression '//version_set[@name='CompatibleReleases']/innovator[@version='14.0.9']/@version'.
2024-02-01 15:43:28,925 [INFO ] (1) - XmlPeek finished
2024-02-01 15:43:28,987 [INFO ] (1) - [echo] RevInc.Label = 14.0.9
2024-02-01 15:43:28,987 [INFO ] (1) - Custom started
2024-02-01 15:43:29,003 [INFO ] (1) - Custom check the property : 'Version.Check'. The value : 'true'.
2024-02-01 15:43:29,003 [INFO ] (1) - Custom finished
2024-02-01 15:43:29,018 [INFO ] (1) - CompatibilityPackage finished
2024-02-01 15:43:29,034 [INFO ] (1) - XmlPeek started
2024-02-01 15:43:29,034 [INFO ] (1) - File path is 'C:\Innovator\Innovator\Client\web.config'.
2024-02-01 15:43:29,034 [INFO ] (1) - No matching nodes found for XPath expression '/configuration/cachingModule/@filesRevision'.
2024-02-01 15:43:29,034 [INFO ] (1) - XmlPeek finished
2024-02-01 15:43:29,097 [INFO ] (1) - BackUpChangedCodeTreeToGit started
2024-02-01 15:43:29,237 [INFO ] (1) - BackUpChangedCodeTreeToGit finished
2024-02-01 15:43:29,268 [INFO ] (1) - Installation module (IS) started
2024-02-01 15:43:29,284 [INFO ] (1) - CopyingFile started
2024-02-01 15:43:29,331 [INFO ] (1) - Copying 101 Files to 'C:\Innovator\Innovator\'.
2024-02-01 15:43:29,347 [INFO ] (1) - CopyingFile finished
2024-02-01 15:43:29,347 [INFO ] (1) - XmlPeek started
2024-02-01 15:43:29,347 [INFO ] (1) - File path is 'C:\Innovator\Innovator\Client\web.config'.
2024-02-01 15:43:29,362 [INFO ] (1) - No matching nodes found for XPath expression '/configuration/cachingModule/@filesRevision'.
2024-02-01 15:43:29,362 [INFO ] (1) - XmlPeek finished
2024-02-01 15:43:29,362 [INFO ] (1) - XmlPoke started
2024-02-01 15:43:29,378 [INFO ] (1) - File path is 'C:\Innovator\Innovator\Client\web.config'.
2024-02-01 15:43:29,378 [INFO ] (1) - No matching nodes found for XPath expression '/configuration/cachingModule/@filesRevision'.
2024-02-01 15:43:29,378 [INFO ] (1) - XmlPoke finished
2024-02-01 15:43:29,393 [INFO ] (1) - Validations started
2024-02-01 15:43:29,393 [INFO ] (1) - There is nothing to validate
2024-02-01 15:43:29,393 [INFO ] (1) - Validations finished
2024-02-01 15:43:29,393 [INFO ] (1) - Installation module (IS) finished
2024-02-01 15:43:29,425 [INFO ] (1) - Installation of the package finished
[END LOG] 
[START LOG] 
2024-02-01 15:45:37,011 [INFO ] (1) - Checking package started: 'C:\ProgramData\Aras\ArasUpdate\PM\14.0.1.169\package.config'
2024-02-01 15:45:37,230 [INFO ] (1) - Checking package finished
2024-02-01 15:45:37,246 [INFO ] (1) - Checking package started: 'C:\ProgramData\Aras\ArasUpdate\PM\14.0.1.169\package.config'
2024-02-01 15:45:37,277 [INFO ] (1) - Checking package finished
2024-02-01 15:45:39,911 [ERROR] (1) - EXCEPTION STACK TRACE START:    at Aras.Tools.ArasUpdateCore.Implementations.InnovatorConnection.get_Innovator()
   at Aras.Tools.ArasUpdateCore.Implementations.InnovatorWrapper.GetInstalledLanguages()
   at Aras.Tools.ArasUpdateCore.Helpers.ArasUpdateParameters.CheckingLanguagePacks(InputParameters inputParameters)
   at Aras.Tools.ArasUpdateCore.Helpers.ArasUpdateParameters.LoadingInitialData(InputParameters inputParameters) EXCEPTION STACK TRACE END
2024-02-01 15:45:39,927 [ERROR] (1) - System.ArgumentException: Specified value has invalid Control characters.
Parameter name: value
2024-02-01 15:45:39,927 [ERROR] (1) - System.ArgumentException: Specified value has invalid Control characters.
Parameter name: value
[END LOG] 
[START LOG] 
2024-02-01 15:48:06,037 [INFO ] (1) - Decompress Zip finished
2024-02-01 15:48:06,208 [INFO ] (1) - Checking package started: 'C:\ProgramData\Aras/ArasUpdate\PM\14.0.1.169\package.config'
2024-02-01 15:48:06,240 [INFO ] (1) - Checking package finished
2024-02-01 15:48:06,255 [INFO ] (1) - Downloading of package finished
2024-02-01 15:48:06,271 [INFO ] (1) - Checking package started: 'C:\ProgramData\Aras\ArasUpdate\PM\14.0.1.169\package.config'
2024-02-01 15:48:06,287 [INFO ] (1) - Checking package finished
2024-02-01 15:48:06,302 [INFO ] (1) - Checking package started: 'C:\ProgramData\Aras\ArasUpdate\PM\14.0.1.169\package.config'
2024-02-01 15:48:06,302 [INFO ] (1) - Checking package finished
2024-02-01 15:48:06,333 [INFO ] (1) - Installation of the package started : 'PM' from 'C:\ProgramData\Aras\ArasUpdate\PM\14.0.1.169' directory
2024-02-01 15:48:06,349 [INFO ] (1) - CompatibilityPackage started
2024-02-01 15:48:06,724 [INFO ] (1) - Checking module 'IS' compatibility.
2024-02-01 15:48:06,818 [INFO ] (1) - LoadFile started
2024-02-01 15:48:06,833 [INFO ] (1) - Loading File : 'C:\Innovator\Innovator\Client\scripts\include\rev.inc'. 
2024-02-01 15:48:06,833 [INFO ] (1) - LoadFile finished
2024-02-01 15:48:06,896 [INFO ] (1) - XmlPeek started
2024-02-01 15:48:06,912 [INFO ] (1) - File path is 'C:\ProgramData\Aras\ArasUpdate\PM\14.0.1.169\compatibility.config'.
2024-02-01 15:48:06,912 [INFO ] (1) - Found '1' node with the XPath expression '//version_set[@name='CompatibleReleases']/innovator[@version='14.0.9']/@version'.
2024-02-01 15:48:06,912 [INFO ] (1) - XmlPeek finished
2024-02-01 15:48:06,974 [INFO ] (1) - [echo] RevInc.Label = 14.0.9
2024-02-01 15:48:06,974 [INFO ] (1) - Custom started
2024-02-01 15:48:06,990 [INFO ] (1) - Custom check the property : 'Version.Check'. The value : 'true'.
2024-02-01 15:48:06,990 [INFO ] (1) - Custom finished
2024-02-01 15:48:06,990 [INFO ] (1) - CompatibilityPackage finished
2024-02-01 15:48:07,005 [INFO ] (1) - XmlPeek started
2024-02-01 15:48:07,005 [INFO ] (1) - File path is 'C:\Innovator\Innovator\Client\web.config'.
2024-02-01 15:48:07,021 [INFO ] (1) - No matching nodes found for XPath expression '/configuration/cachingModule/@filesRevision'.
2024-02-01 15:48:07,021 [INFO ] (1) - XmlPeek finished
2024-02-01 15:48:07,083 [INFO ] (1) - BackUpChangedCodeTreeToGit started
2024-02-01 15:48:07,240 [INFO ] (1) - BackUpChangedCodeTreeToGit finished
2024-02-01 15:48:07,271 [INFO ] (1) - Installation module (IS) started
2024-02-01 15:48:07,271 [INFO ] (1) - CopyingFile started
2024-02-01 15:48:07,318 [INFO ] (1) - Copying 101 Files to 'C:\Innovator\Innovator\'.
2024-02-01 15:48:07,318 [INFO ] (1) - CopyingFile finished
2024-02-01 15:48:07,318 [INFO ] (1) - XmlPeek started
2024-02-01 15:48:07,334 [INFO ] (1) - File path is 'C:\Innovator\Innovator\Client\web.config'.
2024-02-01 15:48:07,334 [INFO ] (1) - No matching nodes found for XPath expression '/configuration/cachingModule/@filesRevision'.
2024-02-01 15:48:07,334 [INFO ] (1) - XmlPeek finished
2024-02-01 15:48:07,349 [INFO ] (1) - XmlPoke started
2024-02-01 15:48:07,349 [INFO ] (1) - File path is 'C:\Innovator\Innovator\Client\web.config'.
2024-02-01 15:48:07,365 [INFO ] (1) - No matching nodes found for XPath expression '/configuration/cachingModule/@filesRevision'.
2024-02-01 15:48:07,365 [INFO ] (1) - XmlPoke finished
2024-02-01 15:48:07,365 [INFO ] (1) - Validations started
2024-02-01 15:48:07,365 [INFO ] (1) - There is nothing to validate
2024-02-01 15:48:07,380 [INFO ] (1) - Validations finished
2024-02-01 15:48:07,380 [INFO ] (1) - Installation module (IS) finished
2024-02-01 15:48:07,396 [INFO ] (1) - Installation of the package finished
[END LOG] 
